[19-07-30 00:35:12] [INFO] [DEBUG] onEnable start -> 1564436112167

[19-07-30 00:35:12] [INFO] [DEBUG] Starting load of Config at 1564436112934
[19-07-30 00:35:12] [INFO] [DEBUG] Config has been loaded. (took 9ms)
[19-07-30 00:35:12] [INFO] [DEBUG] Starting load of Lang at 1564436112943
[19-07-30 00:35:12] [INFO] [DEBUG] Lang has been loaded. (took 9ms)
[19-07-30 00:35:12] [INFO] [DEBUG] Starting load of UserManager at 1564436112952
[19-07-30 00:35:12] [INFO] [DEBUG] UserManager has been loaded. (took 1ms)
[19-07-30 00:35:12] [INFO] [DEBUG] Starting load of GuiListener at 1564436112953
[19-07-30 00:35:12] [INFO] [DEBUG] GuiListener has been loaded. (took 0ms)
[19-07-30 00:35:12] [INFO] [DEBUG] Starting load of ArenaManager at 1564436112953
[19-07-30 00:35:12] [INFO] ArenaManager: Loaded 5 arena(s).
[19-07-30 00:35:12] [INFO] [DEBUG] ArenaManager has been loaded. (took 30ms)
[19-07-30 00:35:12] [INFO] [DEBUG] Starting load of KitManager at 1564436112983
[19-07-30 00:35:12] [INFO] KitManager: Loaded 0 kit(s).
[19-07-30 00:35:12] [INFO] [DEBUG] KitManager has been loaded. (took 8ms)
[19-07-30 00:35:12] [INFO] [DEBUG] Starting load of SettingsManager at 1564436112991
[19-07-30 00:35:12] [INFO] [DEBUG] SettingsManager has been loaded. (took 0ms)
[19-07-30 00:35:12] [INFO] [DEBUG] Starting load of PlayerInfoManager at 1564436112991
[19-07-30 00:35:12] [INFO] PlayerInfoManager: Lobby location was not set, using world's spawn location as default. Use the command /duels setlobby in-game to set the lobby location.
[19-07-30 00:35:12] [INFO] [DEBUG] PlayerInfoManager has been loaded. (took 0ms)
[19-07-30 00:35:12] [INFO] [DEBUG] Starting load of SpectateManager at 1564436112991
[19-07-30 00:35:12] [INFO] [DEBUG] SpectateManager has been loaded. (took 1ms)
[19-07-30 00:35:12] [INFO] [DEBUG] Starting load of BettingManager at 1564436112992
[19-07-30 00:35:12] [INFO] [DEBUG] BettingManager has been loaded. (took 0ms)
[19-07-30 00:35:12] [INFO] [DEBUG] Starting load of InventoryManager at 1564436112992
[19-07-30 00:35:12] [INFO] [DEBUG] InventoryManager has been loaded. (took 0ms)
[19-07-30 00:35:12] [INFO] [DEBUG] Starting load of DuelManager at 1564436112992
[19-07-30 00:35:12] [INFO] [DEBUG] DuelManager has been loaded. (took 0ms)
[19-07-30 00:35:12] [INFO] [DEBUG] Starting load of QueueManager at 1564436112992
[19-07-30 00:35:12] [INFO] QueueManager: Loaded 0 queue(s).
[19-07-30 00:35:12] [INFO] [DEBUG] QueueManager has been loaded. (took 2ms)
[19-07-30 00:35:12] [INFO] [DEBUG] Starting load of QueueSignManager at 1564436112994
[19-07-30 00:35:12] [INFO] QueueSignManager: Loaded 0 queue sign(s).
[19-07-30 00:35:12] [INFO] [DEBUG] QueueSignManager has been loaded. (took 2ms)
[19-07-30 00:35:12] [INFO] [DEBUG] Starting load of RequestManager at 1564436112996
[19-07-30 00:35:12] [INFO] [DEBUG] RequestManager has been loaded. (took 1ms)
[19-07-30 00:35:12] [INFO] [DEBUG] Starting load of Teleport at 1564436112997
[19-07-30 00:35:12] [INFO] [DEBUG] Teleport has been loaded. (took 0ms)
[19-07-30 00:35:12] [INFO] [DEBUG] Starting load of ExtensionManager at 1564436112997
[19-07-30 00:35:12] [INFO] [DEBUG] ExtensionManager has been loaded. (took 0ms)
[19-07-30 00:37:47] [INFO] [DEBUG] onEnable start -> 1564436267325

[19-07-30 00:37:47] [INFO] [DEBUG] Starting load of Config at 1564436267404
[19-07-30 00:37:47] [INFO] [DEBUG] Config has been loaded. (took 8ms)
[19-07-30 00:37:47] [INFO] [DEBUG] Starting load of Lang at 1564436267412
[19-07-30 00:37:47] [INFO] [DEBUG] Lang has been loaded. (took 10ms)
[19-07-30 00:37:47] [INFO] [DEBUG] Starting load of UserManager at 1564436267423
[19-07-30 00:37:47] [INFO] [DEBUG] UserManager has been loaded. (took 1ms)
[19-07-30 00:37:47] [INFO] [DEBUG] Starting load of GuiListener at 1564436267424
[19-07-30 00:37:47] [INFO] [DEBUG] GuiListener has been loaded. (took 0ms)
[19-07-30 00:37:47] [INFO] [DEBUG] Starting load of ArenaManager at 1564436267424
[19-07-30 00:37:47] [INFO] ArenaManager: Loaded 5 arena(s).
[19-07-30 00:37:47] [INFO] [DEBUG] ArenaManager has been loaded. (took 36ms)
[19-07-30 00:37:47] [INFO] [DEBUG] Starting load of KitManager at 1564436267460
[19-07-30 00:37:47] [INFO] KitManager: Loaded 0 kit(s).
[19-07-30 00:37:47] [INFO] [DEBUG] KitManager has been loaded. (took 8ms)
[19-07-30 00:37:47] [INFO] [DEBUG] Starting load of SettingsManager at 1564436267468
[19-07-30 00:37:47] [INFO] [DEBUG] SettingsManager has been loaded. (took 0ms)
[19-07-30 00:37:47] [INFO] [DEBUG] Starting load of PlayerInfoManager at 1564436267469
[19-07-30 00:37:47] [INFO] PlayerInfoManager: Lobby location was not set, using world's spawn location as default. Use the command /duels setlobby in-game to set the lobby location.
[19-07-30 00:37:47] [INFO] [DEBUG] PlayerInfoManager has been loaded. (took 0ms)
[19-07-30 00:37:47] [INFO] [DEBUG] Starting load of SpectateManager at 1564436267469
[19-07-30 00:37:47] [INFO] [DEBUG] SpectateManager has been loaded. (took 0ms)
[19-07-30 00:37:47] [INFO] [DEBUG] Starting load of BettingManager at 1564436267469
[19-07-30 00:37:47] [INFO] [DEBUG] BettingManager has been loaded. (took 0ms)
[19-07-30 00:37:47] [INFO] [DEBUG] Starting load of InventoryManager at 1564436267469
[19-07-30 00:37:47] [INFO] [DEBUG] InventoryManager has been loaded. (took 0ms)
[19-07-30 00:37:47] [INFO] [DEBUG] Starting load of DuelManager at 1564436267469
[19-07-30 00:37:47] [INFO] [DEBUG] DuelManager has been loaded. (took 0ms)
[19-07-30 00:37:47] [INFO] [DEBUG] Starting load of QueueManager at 1564436267469
[19-07-30 00:37:47] [INFO] QueueManager: Loaded 0 queue(s).
[19-07-30 00:37:47] [INFO] [DEBUG] QueueManager has been loaded. (took 3ms)
[19-07-30 00:37:47] [INFO] [DEBUG] Starting load of QueueSignManager at 1564436267472
[19-07-30 00:37:47] [INFO] QueueSignManager: Loaded 0 queue sign(s).
[19-07-30 00:37:47] [INFO] [DEBUG] QueueSignManager has been loaded. (took 2ms)
[19-07-30 00:37:47] [INFO] [DEBUG] Starting load of RequestManager at 1564436267474
[19-07-30 00:37:47] [INFO] [DEBUG] RequestManager has been loaded. (took 0ms)
[19-07-30 00:37:47] [INFO] [DEBUG] Starting load of Teleport at 1564436267474
[19-07-30 00:37:47] [INFO] [DEBUG] Teleport has been loaded. (took 0ms)
[19-07-30 00:37:47] [INFO] [DEBUG] Starting load of ExtensionManager at 1564436267474
[19-07-30 00:37:47] [INFO] [DEBUG] ExtensionManager has been loaded. (took 0ms)
[19-07-30 00:38:38] [INFO] ===============================================
[19-07-30 00:38:38] [INFO] An update for Duels is available!
[19-07-30 00:38:38] [INFO] Download Duels v3.3.0 here:
[19-07-30 00:38:38] [INFO] https://spigotmc.org/resources/duels.20171/download?version=286374
[19-07-30 00:38:38] [INFO] ===============================================
