[19-07-20 00:20:59] [INFO] [DEBUG] onEnable start -> 1563571259054

[19-07-20 00:21:01] [INFO] [DEBUG] Starting load of Config at 1563571261054
[19-07-20 00:21:01] [INFO] [DEBUG] Config has been loaded. (took 46ms)
[19-07-20 00:21:01] [INFO] [DEBUG] Starting load of Lang at 1563571261100
[19-07-20 00:21:01] [INFO] [DEBUG] Lang has been loaded. (took 19ms)
[19-07-20 00:21:01] [INFO] [DEBUG] Starting load of UserManager at 1563571261119
[19-07-20 00:21:01] [INFO] [DEBUG] UserManager has been loaded. (took 1ms)
[19-07-20 00:21:01] [INFO] [DEBUG] Starting load of GuiListener at 1563571261120
[19-07-20 00:21:01] [INFO] [DEBUG] GuiListener has been loaded. (took 0ms)
[19-07-20 00:21:01] [INFO] [DEBUG] Starting load of ArenaManager at 1563571261120
[19-07-20 00:21:01] [INFO] ArenaManager: Loaded 1 arena(s).
[19-07-20 00:21:01] [INFO] [DEBUG] ArenaManager has been loaded. (took 702ms)
[19-07-20 00:21:01] [INFO] [DEBUG] Starting load of KitManager at 1563571261822
[19-07-20 00:21:01] [INFO] KitManager: Loaded 0 kit(s).
[19-07-20 00:21:01] [INFO] [DEBUG] KitManager has been loaded. (took 13ms)
[19-07-20 00:21:01] [INFO] [DEBUG] Starting load of SettingsManager at 1563571261835
[19-07-20 00:21:01] [INFO] [DEBUG] SettingsManager has been loaded. (took 0ms)
[19-07-20 00:21:01] [INFO] [DEBUG] Starting load of PlayerInfoManager at 1563571261835
[19-07-20 00:21:01] [INFO] PlayerInfoManager: Lobby location was not set, using world's spawn location as default. Use the command /duels setlobby in-game to set the lobby location.
[19-07-20 00:21:01] [INFO] [DEBUG] PlayerInfoManager has been loaded. (took 0ms)
[19-07-20 00:21:01] [INFO] [DEBUG] Starting load of SpectateManager at 1563571261835
[19-07-20 00:21:01] [INFO] [DEBUG] SpectateManager has been loaded. (took 0ms)
[19-07-20 00:21:01] [INFO] [DEBUG] Starting load of BettingManager at 1563571261836
[19-07-20 00:21:01] [INFO] [DEBUG] BettingManager has been loaded. (took 0ms)
[19-07-20 00:21:01] [INFO] [DEBUG] Starting load of InventoryManager at 1563571261836
[19-07-20 00:21:01] [INFO] [DEBUG] InventoryManager has been loaded. (took 0ms)
[19-07-20 00:21:01] [INFO] [DEBUG] Starting load of DuelManager at 1563571261836
[19-07-20 00:21:01] [INFO] [DEBUG] DuelManager has been loaded. (took 1ms)
[19-07-20 00:21:01] [INFO] [DEBUG] Starting load of QueueManager at 1563571261837
[19-07-20 00:21:01] [INFO] QueueManager: Loaded 0 queue(s).
[19-07-20 00:21:01] [INFO] [DEBUG] QueueManager has been loaded. (took 3ms)
[19-07-20 00:21:01] [INFO] [DEBUG] Starting load of QueueSignManager at 1563571261840
[19-07-20 00:21:01] [INFO] QueueSignManager: Loaded 0 queue sign(s).
[19-07-20 00:21:01] [INFO] [DEBUG] QueueSignManager has been loaded. (took 2ms)
[19-07-20 00:21:01] [INFO] [DEBUG] Starting load of RequestManager at 1563571261842
[19-07-20 00:21:01] [INFO] [DEBUG] RequestManager has been loaded. (took 0ms)
[19-07-20 00:21:01] [INFO] [DEBUG] Starting load of Teleport at 1563571261842
[19-07-20 00:21:01] [INFO] [DEBUG] Teleport has been loaded. (took 1ms)
[19-07-20 00:21:01] [INFO] [DEBUG] Starting load of ExtensionManager at 1563571261843
[19-07-20 00:21:01] [INFO] [DEBUG] ExtensionManager has been loaded. (took 0ms)
[19-07-20 00:21:28] [INFO] No updates were available. You are on the latest version!
[19-07-20 20:47:35] [INFO] [DEBUG] onDisable start -> 1563644855810

[19-07-20 20:47:35] [INFO] [DEBUG] Starting unload of ExtensionManager at 1563644855841
[19-07-20 20:47:35] [INFO] [DEBUG] ExtensionManager has been unloaded. (took 1ms)
[19-07-20 20:47:35] [INFO] [DEBUG] Starting unload of Teleport at 1563644855842
[19-07-20 20:47:35] [INFO] [DEBUG] Teleport has been unloaded. (took 0ms)
[19-07-20 20:47:35] [INFO] [DEBUG] Starting unload of RequestManager at 1563644855842
[19-07-20 20:47:35] [INFO] [DEBUG] RequestManager has been unloaded. (took 0ms)
[19-07-20 20:47:35] [INFO] [DEBUG] Starting unload of QueueSignManager at 1563644855843
[19-07-20 20:47:35] [INFO] [DEBUG] QueueSignManager has been unloaded. (took 0ms)
[19-07-20 20:47:35] [INFO] [DEBUG] Starting unload of QueueManager at 1563644855843
[19-07-20 20:47:35] [INFO] [DEBUG] QueueManager has been unloaded. (took 0ms)
[19-07-20 20:47:35] [INFO] [DEBUG] Starting unload of DuelManager at 1563644855843
[19-07-20 20:47:35] [INFO] [DEBUG] DuelManager has been unloaded. (took 9ms)
[19-07-20 20:47:35] [INFO] [DEBUG] Starting unload of InventoryManager at 1563644855852
[19-07-20 20:47:35] [INFO] [DEBUG] InventoryManager has been unloaded. (took 0ms)
[19-07-20 20:47:35] [INFO] [DEBUG] Starting unload of BettingManager at 1563644855852
[19-07-20 20:47:35] [INFO] [DEBUG] BettingManager has been unloaded. (took 0ms)
[19-07-20 20:47:35] [INFO] [DEBUG] Starting unload of SpectateManager at 1563644855852
[19-07-20 20:47:35] [INFO] [DEBUG] SpectateManager has been unloaded. (took 0ms)
[19-07-20 20:47:35] [INFO] [DEBUG] Starting unload of PlayerInfoManager at 1563644855852
[19-07-20 20:47:35] [INFO] [DEBUG] PlayerInfoManager has been unloaded. (took 0ms)
[19-07-20 20:47:35] [INFO] [DEBUG] Starting unload of SettingsManager at 1563644855852
[19-07-20 20:47:35] [INFO] [DEBUG] SettingsManager has been unloaded. (took 0ms)
[19-07-20 20:47:35] [INFO] [DEBUG] Starting unload of KitManager at 1563644855852
[19-07-20 20:47:35] [INFO] [DEBUG] KitManager has been unloaded. (took 0ms)
[19-07-20 20:47:35] [INFO] [DEBUG] Starting unload of ArenaManager at 1563644855852
[19-07-20 20:47:35] [INFO] [DEBUG] ArenaManager has been unloaded. (took 1ms)
[19-07-20 20:47:35] [INFO] [DEBUG] Starting unload of GuiListener at 1563644855853
[19-07-20 20:47:35] [INFO] [DEBUG] GuiListener has been unloaded. (took 0ms)
[19-07-20 20:47:35] [INFO] [DEBUG] Starting unload of UserManager at 1563644855853
[19-07-20 20:47:35] [INFO] [DEBUG] UserManager has been unloaded. (took 0ms)
[19-07-20 20:47:35] [INFO] [DEBUG] Starting unload of Lang at 1563644855853
[19-07-20 20:47:35] [INFO] [DEBUG] Lang has been unloaded. (took 0ms)
[19-07-20 20:47:35] [INFO] [DEBUG] Starting unload of Config at 1563644855853
[19-07-20 20:47:35] [INFO] [DEBUG] Config has been unloaded. (took 0ms)
[19-07-20 20:47:35] [INFO] [DEBUG] unload done (took 43ms)
[19-07-20 20:47:35] [INFO] [DEBUG] Log#clearSources done (took 0ms)
[19-07-20 20:50:36] [INFO] [DEBUG] onEnable start -> 1563645036427

[19-07-20 20:50:36] [INFO] [DEBUG] Starting load of Config at 1563645036554
[19-07-20 20:50:36] [INFO] [DEBUG] Config has been loaded. (took 49ms)
[19-07-20 20:50:36] [INFO] [DEBUG] Starting load of Lang at 1563645036603
[19-07-20 20:50:36] [INFO] [DEBUG] Lang has been loaded. (took 25ms)
[19-07-20 20:50:36] [INFO] [DEBUG] Starting load of UserManager at 1563645036629
[19-07-20 20:50:37] [INFO] [DEBUG] UserManager has been loaded. (took 528ms)
[19-07-20 20:50:37] [INFO] [DEBUG] Starting load of GuiListener at 1563645037157
[19-07-20 20:50:37] [INFO] [DEBUG] GuiListener has been loaded. (took 0ms)
[19-07-20 20:50:37] [INFO] [DEBUG] Starting load of ArenaManager at 1563645037157
[19-07-20 20:50:37] [INFO] ArenaManager: Loaded 2 arena(s).
[19-07-20 20:50:37] [INFO] [DEBUG] ArenaManager has been loaded. (took 68ms)
[19-07-20 20:50:37] [INFO] [DEBUG] Starting load of KitManager at 1563645037225
[19-07-20 20:50:37] [INFO] KitManager: Loaded 0 kit(s).
[19-07-20 20:50:37] [INFO] [DEBUG] KitManager has been loaded. (took 14ms)
[19-07-20 20:50:37] [INFO] [DEBUG] Starting load of SettingsManager at 1563645037239
[19-07-20 20:50:37] [INFO] [DEBUG] SettingsManager has been loaded. (took 0ms)
[19-07-20 20:50:37] [INFO] [DEBUG] Starting load of PlayerInfoManager at 1563645037239
[19-07-20 20:50:37] [INFO] PlayerInfoManager: Lobby location was not set, using world's spawn location as default. Use the command /duels setlobby in-game to set the lobby location.
[19-07-20 20:50:37] [INFO] [DEBUG] PlayerInfoManager has been loaded. (took 0ms)
[19-07-20 20:50:37] [INFO] [DEBUG] Starting load of SpectateManager at 1563645037239
[19-07-20 20:50:37] [INFO] [DEBUG] SpectateManager has been loaded. (took 1ms)
[19-07-20 20:50:37] [INFO] [DEBUG] Starting load of BettingManager at 1563645037240
[19-07-20 20:50:37] [INFO] [DEBUG] BettingManager has been loaded. (took 0ms)
[19-07-20 20:50:37] [INFO] [DEBUG] Starting load of InventoryManager at 1563645037240
[19-07-20 20:50:37] [INFO] [DEBUG] InventoryManager has been loaded. (took 0ms)
[19-07-20 20:50:37] [INFO] [DEBUG] Starting load of DuelManager at 1563645037240
[19-07-20 20:50:37] [INFO] [DEBUG] DuelManager has been loaded. (took 0ms)
[19-07-20 20:50:37] [INFO] [DEBUG] Starting load of QueueManager at 1563645037241
[19-07-20 20:50:37] [INFO] QueueManager: Loaded 0 queue(s).
[19-07-20 20:50:37] [INFO] [DEBUG] QueueManager has been loaded. (took 3ms)
[19-07-20 20:50:37] [INFO] [DEBUG] Starting load of QueueSignManager at 1563645037244
[19-07-20 20:50:37] [INFO] QueueSignManager: Loaded 0 queue sign(s).
[19-07-20 20:50:37] [INFO] [DEBUG] QueueSignManager has been loaded. (took 3ms)
[19-07-20 20:50:37] [INFO] [DEBUG] Starting load of RequestManager at 1563645037247
[19-07-20 20:50:37] [INFO] [DEBUG] RequestManager has been loaded. (took 0ms)
[19-07-20 20:50:37] [INFO] [DEBUG] Starting load of Teleport at 1563645037247
[19-07-20 20:50:37] [INFO] [DEBUG] Teleport has been loaded. (took 3ms)
[19-07-20 20:50:37] [INFO] [DEBUG] Starting load of ExtensionManager at 1563645037250
[19-07-20 20:50:37] [INFO] [DEBUG] ExtensionManager has been loaded. (took 1ms)
[19-07-20 20:51:04] [INFO] No updates were available. You are on the latest version!
[19-07-20 20:56:52] [INFO] [DEBUG] onDisable start -> 1563645412458

[19-07-20 20:56:52] [INFO] [DEBUG] Starting unload of ExtensionManager at 1563645412476
[19-07-20 20:56:52] [INFO] [DEBUG] ExtensionManager has been unloaded. (took 5ms)
[19-07-20 20:56:52] [INFO] [DEBUG] Starting unload of Teleport at 1563645412481
[19-07-20 20:56:52] [INFO] [DEBUG] Teleport has been unloaded. (took 0ms)
[19-07-20 20:56:52] [INFO] [DEBUG] Starting unload of RequestManager at 1563645412482
[19-07-20 20:56:52] [INFO] [DEBUG] RequestManager has been unloaded. (took 0ms)
[19-07-20 20:56:52] [INFO] [DEBUG] Starting unload of QueueSignManager at 1563645412482
[19-07-20 20:56:52] [INFO] [DEBUG] QueueSignManager has been unloaded. (took 3ms)
[19-07-20 20:56:52] [INFO] [DEBUG] Starting unload of QueueManager at 1563645412485
[19-07-20 20:56:52] [INFO] [DEBUG] QueueManager has been unloaded. (took 2ms)
[19-07-20 20:56:52] [INFO] [DEBUG] Starting unload of DuelManager at 1563645412487
[19-07-20 20:56:52] [INFO] [DEBUG] DuelManager has been unloaded. (took 2ms)
[19-07-20 20:56:52] [INFO] [DEBUG] Starting unload of InventoryManager at 1563645412492
[19-07-20 20:56:52] [INFO] [DEBUG] InventoryManager has been unloaded. (took 0ms)
[19-07-20 20:56:52] [INFO] [DEBUG] Starting unload of BettingManager at 1563645412492
[19-07-20 20:56:52] [INFO] [DEBUG] BettingManager has been unloaded. (took 0ms)
[19-07-20 20:56:52] [INFO] [DEBUG] Starting unload of SpectateManager at 1563645412493
[19-07-20 20:56:52] [INFO] [DEBUG] SpectateManager has been unloaded. (took 0ms)
[19-07-20 20:56:52] [INFO] [DEBUG] Starting unload of PlayerInfoManager at 1563645412493
[19-07-20 20:56:52] [INFO] [DEBUG] PlayerInfoManager has been unloaded. (took 0ms)
[19-07-20 20:56:52] [INFO] [DEBUG] Starting unload of SettingsManager at 1563645412493
[19-07-20 20:56:52] [INFO] [DEBUG] SettingsManager has been unloaded. (took 0ms)
[19-07-20 20:56:52] [INFO] [DEBUG] Starting unload of KitManager at 1563645412493
[19-07-20 20:56:52] [INFO] [DEBUG] KitManager has been unloaded. (took 0ms)
[19-07-20 20:56:52] [INFO] [DEBUG] Starting unload of ArenaManager at 1563645412493
[19-07-20 20:56:52] [INFO] [DEBUG] ArenaManager has been unloaded. (took 2ms)
[19-07-20 20:56:52] [INFO] [DEBUG] Starting unload of GuiListener at 1563645412495
[19-07-20 20:56:52] [INFO] [DEBUG] GuiListener has been unloaded. (took 0ms)
[19-07-20 20:56:52] [INFO] [DEBUG] Starting unload of UserManager at 1563645412495
[19-07-20 20:56:52] [INFO] [DEBUG] UserManager has been unloaded. (took 0ms)
[19-07-20 20:56:52] [INFO] [DEBUG] Starting unload of Lang at 1563645412495
[19-07-20 20:56:52] [INFO] [DEBUG] Lang has been unloaded. (took 0ms)
[19-07-20 20:56:52] [INFO] [DEBUG] Starting unload of Config at 1563645412495
[19-07-20 20:56:52] [INFO] [DEBUG] Config has been unloaded. (took 0ms)
[19-07-20 20:56:52] [INFO] [DEBUG] unload done (took 38ms)
[19-07-20 20:56:52] [INFO] [DEBUG] Log#clearSources done (took 0ms)
[19-07-20 20:59:40] [INFO] [DEBUG] onEnable start -> 1563645580677

[19-07-20 20:59:41] [INFO] [DEBUG] Starting load of Config at 1563645581364
[19-07-20 20:59:41] [INFO] [DEBUG] Config has been loaded. (took 14ms)
[19-07-20 20:59:41] [INFO] [DEBUG] Starting load of Lang at 1563645581378
[19-07-20 20:59:41] [INFO] [DEBUG] Lang has been loaded. (took 12ms)
[19-07-20 20:59:41] [INFO] [DEBUG] Starting load of UserManager at 1563645581390
[19-07-20 20:59:41] [INFO] [DEBUG] UserManager has been loaded. (took 1ms)
[19-07-20 20:59:41] [INFO] [DEBUG] Starting load of GuiListener at 1563645581391
[19-07-20 20:59:41] [INFO] [DEBUG] GuiListener has been loaded. (took 0ms)
[19-07-20 20:59:41] [INFO] [DEBUG] Starting load of ArenaManager at 1563645581391
[19-07-20 20:59:41] [INFO] ArenaManager: Loaded 2 arena(s).
[19-07-20 20:59:41] [INFO] [DEBUG] ArenaManager has been loaded. (took 37ms)
[19-07-20 20:59:41] [INFO] [DEBUG] Starting load of KitManager at 1563645581428
[19-07-20 20:59:41] [INFO] KitManager: Loaded 0 kit(s).
[19-07-20 20:59:41] [INFO] [DEBUG] KitManager has been loaded. (took 15ms)
[19-07-20 20:59:41] [INFO] [DEBUG] Starting load of SettingsManager at 1563645581444
[19-07-20 20:59:41] [INFO] [DEBUG] SettingsManager has been loaded. (took 0ms)
[19-07-20 20:59:41] [INFO] [DEBUG] Starting load of PlayerInfoManager at 1563645581444
[19-07-20 20:59:41] [INFO] PlayerInfoManager: Lobby location was not set, using world's spawn location as default. Use the command /duels setlobby in-game to set the lobby location.
[19-07-20 20:59:41] [INFO] [DEBUG] PlayerInfoManager has been loaded. (took 0ms)
[19-07-20 20:59:41] [INFO] [DEBUG] Starting load of SpectateManager at 1563645581444
[19-07-20 20:59:41] [INFO] [DEBUG] SpectateManager has been loaded. (took 0ms)
[19-07-20 20:59:41] [INFO] [DEBUG] Starting load of BettingManager at 1563645581444
[19-07-20 20:59:41] [INFO] [DEBUG] BettingManager has been loaded. (took 0ms)
[19-07-20 20:59:41] [INFO] [DEBUG] Starting load of InventoryManager at 1563645581444
[19-07-20 20:59:41] [INFO] [DEBUG] InventoryManager has been loaded. (took 1ms)
[19-07-20 20:59:41] [INFO] [DEBUG] Starting load of DuelManager at 1563645581445
[19-07-20 20:59:41] [INFO] [DEBUG] DuelManager has been loaded. (took 0ms)
[19-07-20 20:59:41] [INFO] [DEBUG] Starting load of QueueManager at 1563645581445
[19-07-20 20:59:41] [INFO] QueueManager: Loaded 0 queue(s).
[19-07-20 20:59:41] [INFO] [DEBUG] QueueManager has been loaded. (took 4ms)
[19-07-20 20:59:41] [INFO] [DEBUG] Starting load of QueueSignManager at 1563645581449
[19-07-20 20:59:41] [INFO] QueueSignManager: Loaded 0 queue sign(s).
[19-07-20 20:59:41] [INFO] [DEBUG] QueueSignManager has been loaded. (took 5ms)
[19-07-20 20:59:41] [INFO] [DEBUG] Starting load of RequestManager at 1563645581454
[19-07-20 20:59:41] [INFO] [DEBUG] RequestManager has been loaded. (took 0ms)
[19-07-20 20:59:41] [INFO] [DEBUG] Starting load of Teleport at 1563645581454
[19-07-20 20:59:41] [INFO] [DEBUG] Teleport has been loaded. (took 1ms)
[19-07-20 20:59:41] [INFO] [DEBUG] Starting load of ExtensionManager at 1563645581455
[19-07-20 20:59:41] [INFO] [DEBUG] ExtensionManager has been loaded. (took 0ms)
[19-07-20 21:00:05] [INFO] No updates were available. You are on the latest version!
[19-07-20 21:36:55] [INFO] [DEBUG] onDisable start -> 1563647815750

[19-07-20 21:36:55] [INFO] [DEBUG] Starting unload of ExtensionManager at 1563647815766
[19-07-20 21:36:55] [INFO] [DEBUG] ExtensionManager has been unloaded. (took 1ms)
[19-07-20 21:36:55] [INFO] [DEBUG] Starting unload of Teleport at 1563647815767
[19-07-20 21:36:55] [INFO] [DEBUG] Teleport has been unloaded. (took 0ms)
[19-07-20 21:36:55] [INFO] [DEBUG] Starting unload of RequestManager at 1563647815767
[19-07-20 21:36:55] [INFO] [DEBUG] RequestManager has been unloaded. (took 0ms)
[19-07-20 21:36:55] [INFO] [DEBUG] Starting unload of QueueSignManager at 1563647815767
[19-07-20 21:36:55] [INFO] [DEBUG] QueueSignManager has been unloaded. (took 1ms)
[19-07-20 21:36:55] [INFO] [DEBUG] Starting unload of QueueManager at 1563647815768
[19-07-20 21:36:55] [INFO] [DEBUG] QueueManager has been unloaded. (took 0ms)
[19-07-20 21:36:55] [INFO] [DEBUG] Starting unload of DuelManager at 1563647815768
[19-07-20 21:36:55] [INFO] [DEBUG] DuelManager has been unloaded. (took 2ms)
[19-07-20 21:36:55] [INFO] [DEBUG] Starting unload of InventoryManager at 1563647815770
[19-07-20 21:36:55] [INFO] [DEBUG] InventoryManager has been unloaded. (took 0ms)
[19-07-20 21:36:55] [INFO] [DEBUG] Starting unload of BettingManager at 1563647815770
[19-07-20 21:36:55] [INFO] [DEBUG] BettingManager has been unloaded. (took 0ms)
[19-07-20 21:36:55] [INFO] [DEBUG] Starting unload of SpectateManager at 1563647815770
[19-07-20 21:36:55] [INFO] [DEBUG] SpectateManager has been unloaded. (took 0ms)
[19-07-20 21:36:55] [INFO] [DEBUG] Starting unload of PlayerInfoManager at 1563647815770
[19-07-20 21:36:55] [INFO] [DEBUG] PlayerInfoManager has been unloaded. (took 0ms)
[19-07-20 21:36:55] [INFO] [DEBUG] Starting unload of SettingsManager at 1563647815770
[19-07-20 21:36:55] [INFO] [DEBUG] SettingsManager has been unloaded. (took 0ms)
[19-07-20 21:36:55] [INFO] [DEBUG] Starting unload of KitManager at 1563647815770
[19-07-20 21:36:55] [INFO] [DEBUG] KitManager has been unloaded. (took 1ms)
[19-07-20 21:36:55] [INFO] [DEBUG] Starting unload of ArenaManager at 1563647815771
[19-07-20 21:36:55] [INFO] [DEBUG] ArenaManager has been unloaded. (took 0ms)
[19-07-20 21:36:55] [INFO] [DEBUG] Starting unload of GuiListener at 1563647815771
[19-07-20 21:36:55] [INFO] [DEBUG] GuiListener has been unloaded. (took 0ms)
[19-07-20 21:36:55] [INFO] [DEBUG] Starting unload of UserManager at 1563647815771
[19-07-20 21:36:55] [INFO] [DEBUG] UserManager has been unloaded. (took 1ms)
[19-07-20 21:36:55] [INFO] [DEBUG] Starting unload of Lang at 1563647815772
[19-07-20 21:36:55] [INFO] [DEBUG] Lang has been unloaded. (took 0ms)
[19-07-20 21:36:55] [INFO] [DEBUG] Starting unload of Config at 1563647815772
[19-07-20 21:36:55] [INFO] [DEBUG] Config has been unloaded. (took 0ms)
[19-07-20 21:36:55] [INFO] [DEBUG] unload done (took 22ms)
[19-07-20 21:36:55] [INFO] [DEBUG] Log#clearSources done (took 0ms)
[19-07-20 21:39:34] [INFO] [DEBUG] onEnable start -> 1563647974745

[19-07-20 21:39:34] [INFO] [DEBUG] Starting load of Config at 1563647974839
[19-07-20 21:39:34] [INFO] [DEBUG] Config has been loaded. (took 17ms)
[19-07-20 21:39:34] [INFO] [DEBUG] Starting load of Lang at 1563647974856
[19-07-20 21:39:34] [INFO] [DEBUG] Lang has been loaded. (took 8ms)
[19-07-20 21:39:34] [INFO] [DEBUG] Starting load of UserManager at 1563647974864
[19-07-20 21:39:34] [INFO] [DEBUG] UserManager has been loaded. (took 1ms)
[19-07-20 21:39:34] [INFO] [DEBUG] Starting load of GuiListener at 1563647974865
[19-07-20 21:39:34] [INFO] [DEBUG] GuiListener has been loaded. (took 0ms)
[19-07-20 21:39:34] [INFO] [DEBUG] Starting load of ArenaManager at 1563647974865
[19-07-20 21:39:35] [INFO] ArenaManager: Loaded 2 arena(s).
[19-07-20 21:39:35] [INFO] [DEBUG] ArenaManager has been loaded. (took 609ms)
[19-07-20 21:39:35] [INFO] [DEBUG] Starting load of KitManager at 1563647975474
[19-07-20 21:39:35] [INFO] KitManager: Loaded 0 kit(s).
[19-07-20 21:39:35] [INFO] [DEBUG] KitManager has been loaded. (took 31ms)
[19-07-20 21:39:35] [INFO] [DEBUG] Starting load of SettingsManager at 1563647975505
[19-07-20 21:39:35] [INFO] [DEBUG] SettingsManager has been loaded. (took 0ms)
[19-07-20 21:39:35] [INFO] [DEBUG] Starting load of PlayerInfoManager at 1563647975505
[19-07-20 21:39:35] [INFO] PlayerInfoManager: Lobby location was not set, using world's spawn location as default. Use the command /duels setlobby in-game to set the lobby location.
[19-07-20 21:39:35] [INFO] [DEBUG] PlayerInfoManager has been loaded. (took 0ms)
[19-07-20 21:39:35] [INFO] [DEBUG] Starting load of SpectateManager at 1563647975505
[19-07-20 21:39:35] [INFO] [DEBUG] SpectateManager has been loaded. (took 0ms)
[19-07-20 21:39:35] [INFO] [DEBUG] Starting load of BettingManager at 1563647975505
[19-07-20 21:39:35] [INFO] [DEBUG] BettingManager has been loaded. (took 0ms)
[19-07-20 21:39:35] [INFO] [DEBUG] Starting load of InventoryManager at 1563647975505
[19-07-20 21:39:35] [INFO] [DEBUG] InventoryManager has been loaded. (took 1ms)
[19-07-20 21:39:35] [INFO] [DEBUG] Starting load of DuelManager at 1563647975506
[19-07-20 21:39:35] [INFO] [DEBUG] DuelManager has been loaded. (took 0ms)
[19-07-20 21:39:35] [INFO] [DEBUG] Starting load of QueueManager at 1563647975506
[19-07-20 21:39:35] [INFO] QueueManager: Loaded 0 queue(s).
[19-07-20 21:39:35] [INFO] [DEBUG] QueueManager has been loaded. (took 6ms)
[19-07-20 21:39:35] [INFO] [DEBUG] Starting load of QueueSignManager at 1563647975512
[19-07-20 21:39:35] [INFO] QueueSignManager: Loaded 0 queue sign(s).
[19-07-20 21:39:35] [INFO] [DEBUG] QueueSignManager has been loaded. (took 3ms)
[19-07-20 21:39:35] [INFO] [DEBUG] Starting load of RequestManager at 1563647975515
[19-07-20 21:39:35] [INFO] [DEBUG] RequestManager has been loaded. (took 0ms)
[19-07-20 21:39:35] [INFO] [DEBUG] Starting load of Teleport at 1563647975515
[19-07-20 21:39:35] [INFO] [DEBUG] Teleport has been loaded. (took 0ms)
[19-07-20 21:39:35] [INFO] [DEBUG] Starting load of ExtensionManager at 1563647975515
[19-07-20 21:39:35] [INFO] [DEBUG] ExtensionManager has been loaded. (took 1ms)
[19-07-20 21:39:57] [INFO] No updates were available. You are on the latest version!
