[19-07-18 17:52:12] [INFO] [DEBUG] onEnable start -> 1563461532876

[19-07-18 17:52:13] [INFO] [DEBUG] Starting load of Config at 1563461533076
[19-07-18 17:52:13] [INFO] [DEBUG] Config has been loaded. (took 51ms)
[19-07-18 17:52:13] [INFO] [DEBUG] Starting load of Lang at 1563461533127
[19-07-18 17:52:13] [INFO] [DEBUG] Lang has been loaded. (took 64ms)
[19-07-18 17:52:13] [INFO] [DEBUG] Starting load of UserManager at 1563461533192
[19-07-18 17:52:13] [INFO] [DEBUG] UserManager has been loaded. (took 4ms)
[19-07-18 17:52:13] [INFO] [DEBUG] Starting load of GuiListener at 1563461533197
[19-07-18 17:52:13] [INFO] [DEBUG] GuiListener has been loaded. (took 0ms)
[19-07-18 17:52:13] [INFO] [DEBUG] Starting load of ArenaManager at 1563461533197
[19-07-18 17:52:13] [INFO] ArenaManager: Loaded 1 arena(s).
[19-07-18 17:52:13] [INFO] [DEBUG] ArenaManager has been loaded. (took 102ms)
[19-07-18 17:52:13] [INFO] [DEBUG] Starting load of KitManager at 1563461533299
[19-07-18 17:52:13] [INFO] KitManager: Loaded 0 kit(s).
[19-07-18 17:52:13] [INFO] [DEBUG] KitManager has been loaded. (took 536ms)
[19-07-18 17:52:13] [INFO] [DEBUG] Starting load of SettingsManager at 1563461533836
[19-07-18 17:52:13] [INFO] [DEBUG] SettingsManager has been loaded. (took 0ms)
[19-07-18 17:52:13] [INFO] [DEBUG] Starting load of PlayerInfoManager at 1563461533836
[19-07-18 17:52:13] [INFO] PlayerInfoManager: Lobby location was not set, using world's spawn location as default. Use the command /duels setlobby in-game to set the lobby location.
[19-07-18 17:52:13] [INFO] [DEBUG] PlayerInfoManager has been loaded. (took 0ms)
[19-07-18 17:52:13] [INFO] [DEBUG] Starting load of SpectateManager at 1563461533836
[19-07-18 17:52:13] [INFO] [DEBUG] SpectateManager has been loaded. (took 0ms)
[19-07-18 17:52:13] [INFO] [DEBUG] Starting load of BettingManager at 1563461533836
[19-07-18 17:52:13] [INFO] [DEBUG] BettingManager has been loaded. (took 0ms)
[19-07-18 17:52:13] [INFO] [DEBUG] Starting load of InventoryManager at 1563461533836
[19-07-18 17:52:13] [INFO] [DEBUG] InventoryManager has been loaded. (took 1ms)
[19-07-18 17:52:13] [INFO] [DEBUG] Starting load of DuelManager at 1563461533837
[19-07-18 17:52:13] [INFO] [DEBUG] DuelManager has been loaded. (took 0ms)
[19-07-18 17:52:13] [INFO] [DEBUG] Starting load of QueueManager at 1563461533837
[19-07-18 17:52:13] [INFO] QueueManager: Loaded 0 queue(s).
[19-07-18 17:52:13] [INFO] [DEBUG] QueueManager has been loaded. (took 6ms)
[19-07-18 17:52:13] [INFO] [DEBUG] Starting load of QueueSignManager at 1563461533844
[19-07-18 17:52:13] [INFO] QueueSignManager: Loaded 0 queue sign(s).
[19-07-18 17:52:13] [INFO] [DEBUG] QueueSignManager has been loaded. (took 2ms)
[19-07-18 17:52:13] [INFO] [DEBUG] Starting load of RequestManager at 1563461533846
[19-07-18 17:52:13] [INFO] [DEBUG] RequestManager has been loaded. (took 0ms)
[19-07-18 17:52:13] [INFO] [DEBUG] Starting load of Teleport at 1563461533847
[19-07-18 17:52:13] [INFO] [DEBUG] Teleport has been loaded. (took 0ms)
[19-07-18 17:52:13] [INFO] [DEBUG] Starting load of ExtensionManager at 1563461533847
[19-07-18 17:52:13] [INFO] [DEBUG] ExtensionManager has been loaded. (took 11ms)
[19-07-18 17:52:50] [INFO] No updates were available. You are on the latest version!
[19-07-18 18:22:18] [INFO] [DEBUG] onDisable start -> 1563463338770

[19-07-18 18:22:18] [INFO] [DEBUG] Starting unload of ExtensionManager at 1563463338773
[19-07-18 18:22:18] [INFO] [DEBUG] ExtensionManager has been unloaded. (took 1ms)
[19-07-18 18:22:18] [INFO] [DEBUG] Starting unload of Teleport at 1563463338774
[19-07-18 18:22:18] [INFO] [DEBUG] Teleport has been unloaded. (took 0ms)
[19-07-18 18:22:18] [INFO] [DEBUG] Starting unload of RequestManager at 1563463338774
[19-07-18 18:22:18] [INFO] [DEBUG] RequestManager has been unloaded. (took 0ms)
[19-07-18 18:22:18] [INFO] [DEBUG] Starting unload of QueueSignManager at 1563463338774
[19-07-18 18:22:18] [INFO] [DEBUG] QueueSignManager has been unloaded. (took 1ms)
[19-07-18 18:22:18] [INFO] [DEBUG] Starting unload of QueueManager at 1563463338775
[19-07-18 18:22:18] [INFO] [DEBUG] QueueManager has been unloaded. (took 0ms)
[19-07-18 18:22:18] [INFO] [DEBUG] Starting unload of DuelManager at 1563463338775
[19-07-18 18:22:18] [INFO] [DEBUG] DuelManager has been unloaded. (took 4ms)
[19-07-18 18:22:18] [INFO] [DEBUG] Starting unload of InventoryManager at 1563463338779
[19-07-18 18:22:18] [INFO] [DEBUG] InventoryManager has been unloaded. (took 2ms)
[19-07-18 18:22:18] [INFO] [DEBUG] Starting unload of BettingManager at 1563463338782
[19-07-18 18:22:18] [INFO] [DEBUG] BettingManager has been unloaded. (took 0ms)
[19-07-18 18:22:18] [INFO] [DEBUG] Starting unload of SpectateManager at 1563463338782
[19-07-18 18:22:18] [INFO] [DEBUG] SpectateManager has been unloaded. (took 0ms)
[19-07-18 18:22:18] [INFO] [DEBUG] Starting unload of PlayerInfoManager at 1563463338782
[19-07-18 18:22:18] [INFO] [DEBUG] PlayerInfoManager has been unloaded. (took 0ms)
[19-07-18 18:22:18] [INFO] [DEBUG] Starting unload of SettingsManager at 1563463338782
[19-07-18 18:22:18] [INFO] [DEBUG] SettingsManager has been unloaded. (took 0ms)
[19-07-18 18:22:18] [INFO] [DEBUG] Starting unload of KitManager at 1563463338782
[19-07-18 18:22:18] [INFO] [DEBUG] KitManager has been unloaded. (took 12ms)
[19-07-18 18:22:18] [INFO] [DEBUG] Starting unload of ArenaManager at 1563463338794
[19-07-18 18:22:18] [INFO] [DEBUG] ArenaManager has been unloaded. (took 1ms)
[19-07-18 18:22:18] [INFO] [DEBUG] Starting unload of GuiListener at 1563463338795
[19-07-18 18:22:18] [INFO] [DEBUG] GuiListener has been unloaded. (took 0ms)
[19-07-18 18:22:18] [INFO] [DEBUG] Starting unload of UserManager at 1563463338795
[19-07-18 18:22:18] [INFO] [DEBUG] UserManager has been unloaded. (took 1ms)
[19-07-18 18:22:18] [INFO] [DEBUG] Starting unload of Lang at 1563463338796
[19-07-18 18:22:18] [INFO] [DEBUG] Lang has been unloaded. (took 0ms)
[19-07-18 18:22:18] [INFO] [DEBUG] Starting unload of Config at 1563463338796
[19-07-18 18:22:18] [INFO] [DEBUG] Config has been unloaded. (took 0ms)
[19-07-18 18:22:18] [INFO] [DEBUG] unload done (took 26ms)
[19-07-18 18:22:18] [INFO] [DEBUG] Log#clearSources done (took 0ms)
[19-07-18 18:25:42] [INFO] [DEBUG] onEnable start -> 1563463542697

[19-07-18 18:25:43] [INFO] [DEBUG] Starting load of Config at 1563463543373
[19-07-18 18:25:43] [INFO] [DEBUG] Config has been loaded. (took 71ms)
[19-07-18 18:25:43] [INFO] [DEBUG] Starting load of Lang at 1563463543444
[19-07-18 18:25:43] [INFO] [DEBUG] Lang has been loaded. (took 53ms)
[19-07-18 18:25:43] [INFO] [DEBUG] Starting load of UserManager at 1563463543497
[19-07-18 18:25:43] [INFO] [DEBUG] UserManager has been loaded. (took 1ms)
[19-07-18 18:25:43] [INFO] [DEBUG] Starting load of GuiListener at 1563463543498
[19-07-18 18:25:43] [INFO] [DEBUG] GuiListener has been loaded. (took 0ms)
[19-07-18 18:25:43] [INFO] [DEBUG] Starting load of ArenaManager at 1563463543498
[19-07-18 18:25:43] [INFO] ArenaManager: Loaded 1 arena(s).
[19-07-18 18:25:43] [INFO] [DEBUG] ArenaManager has been loaded. (took 100ms)
[19-07-18 18:25:43] [INFO] [DEBUG] Starting load of KitManager at 1563463543599
[19-07-18 18:25:43] [INFO] KitManager: Loaded 0 kit(s).
[19-07-18 18:25:43] [INFO] [DEBUG] KitManager has been loaded. (took 37ms)
[19-07-18 18:25:43] [INFO] [DEBUG] Starting load of SettingsManager at 1563463543636
[19-07-18 18:25:43] [INFO] [DEBUG] SettingsManager has been loaded. (took 0ms)
[19-07-18 18:25:43] [INFO] [DEBUG] Starting load of PlayerInfoManager at 1563463543636
[19-07-18 18:25:43] [INFO] PlayerInfoManager: Lobby location was not set, using world's spawn location as default. Use the command /duels setlobby in-game to set the lobby location.
[19-07-18 18:25:43] [INFO] [DEBUG] PlayerInfoManager has been loaded. (took 1ms)
[19-07-18 18:25:43] [INFO] [DEBUG] Starting load of SpectateManager at 1563463543637
[19-07-18 18:25:43] [INFO] [DEBUG] SpectateManager has been loaded. (took 0ms)
[19-07-18 18:25:43] [INFO] [DEBUG] Starting load of BettingManager at 1563463543637
[19-07-18 18:25:43] [INFO] [DEBUG] BettingManager has been loaded. (took 0ms)
[19-07-18 18:25:43] [INFO] [DEBUG] Starting load of InventoryManager at 1563463543637
[19-07-18 18:25:43] [INFO] [DEBUG] InventoryManager has been loaded. (took 1ms)
[19-07-18 18:25:43] [INFO] [DEBUG] Starting load of DuelManager at 1563463543638
[19-07-18 18:25:43] [INFO] [DEBUG] DuelManager has been loaded. (took 0ms)
[19-07-18 18:25:43] [INFO] [DEBUG] Starting load of QueueManager at 1563463543638
[19-07-18 18:25:43] [INFO] QueueManager: Loaded 0 queue(s).
[19-07-18 18:25:43] [INFO] [DEBUG] QueueManager has been loaded. (took 7ms)
[19-07-18 18:25:43] [INFO] [DEBUG] Starting load of QueueSignManager at 1563463543645
[19-07-18 18:25:43] [INFO] QueueSignManager: Loaded 0 queue sign(s).
[19-07-18 18:25:44] [INFO] [DEBUG] QueueSignManager has been loaded. (took 532ms)
[19-07-18 18:25:44] [INFO] [DEBUG] Starting load of RequestManager at 1563463544177
[19-07-18 18:25:44] [INFO] [DEBUG] RequestManager has been loaded. (took 0ms)
[19-07-18 18:25:44] [INFO] [DEBUG] Starting load of Teleport at 1563463544177
[19-07-18 18:25:44] [INFO] [DEBUG] Teleport has been loaded. (took 0ms)
[19-07-18 18:25:44] [INFO] [DEBUG] Starting load of ExtensionManager at 1563463544177
[19-07-18 18:25:44] [INFO] [DEBUG] ExtensionManager has been loaded. (took 1ms)
[19-07-18 18:26:17] [INFO] No updates were available. You are on the latest version!
[19-07-20 00:17:46] [INFO] [DEBUG] onDisable start -> 1563571066372

[19-07-20 00:17:46] [INFO] [DEBUG] Starting unload of ExtensionManager at 1563571066377
[19-07-20 00:17:46] [INFO] [DEBUG] ExtensionManager has been unloaded. (took 1ms)
[19-07-20 00:17:46] [INFO] [DEBUG] Starting unload of Teleport at 1563571066378
[19-07-20 00:17:46] [INFO] [DEBUG] Teleport has been unloaded. (took 0ms)
[19-07-20 00:17:46] [INFO] [DEBUG] Starting unload of RequestManager at 1563571066378
[19-07-20 00:17:46] [INFO] [DEBUG] RequestManager has been unloaded. (took 0ms)
[19-07-20 00:17:46] [INFO] [DEBUG] Starting unload of QueueSignManager at 1563571066379
[19-07-20 00:17:46] [INFO] [DEBUG] QueueSignManager has been unloaded. (took 0ms)
[19-07-20 00:17:46] [INFO] [DEBUG] Starting unload of QueueManager at 1563571066379
[19-07-20 00:17:46] [INFO] [DEBUG] QueueManager has been unloaded. (took 0ms)
[19-07-20 00:17:46] [INFO] [DEBUG] Starting unload of DuelManager at 1563571066379
[19-07-20 00:17:46] [INFO] [DEBUG] DuelManager has been unloaded. (took 18ms)
[19-07-20 00:17:46] [INFO] [DEBUG] Starting unload of InventoryManager at 1563571066397
[19-07-20 00:17:46] [INFO] [DEBUG] InventoryManager has been unloaded. (took 0ms)
[19-07-20 00:17:46] [INFO] [DEBUG] Starting unload of BettingManager at 1563571066397
[19-07-20 00:17:46] [INFO] [DEBUG] BettingManager has been unloaded. (took 0ms)
[19-07-20 00:17:46] [INFO] [DEBUG] Starting unload of SpectateManager at 1563571066397
[19-07-20 00:17:46] [INFO] [DEBUG] SpectateManager has been unloaded. (took 0ms)
[19-07-20 00:17:46] [INFO] [DEBUG] Starting unload of PlayerInfoManager at 1563571066397
[19-07-20 00:17:46] [INFO] [DEBUG] PlayerInfoManager has been unloaded. (took 0ms)
[19-07-20 00:17:46] [INFO] [DEBUG] Starting unload of SettingsManager at 1563571066397
[19-07-20 00:17:46] [INFO] [DEBUG] SettingsManager has been unloaded. (took 0ms)
[19-07-20 00:17:46] [INFO] [DEBUG] Starting unload of KitManager at 1563571066398
[19-07-20 00:17:46] [INFO] [DEBUG] KitManager has been unloaded. (took 0ms)
[19-07-20 00:17:46] [INFO] [DEBUG] Starting unload of ArenaManager at 1563571066398
[19-07-20 00:17:46] [INFO] [DEBUG] ArenaManager has been unloaded. (took 0ms)
[19-07-20 00:17:46] [INFO] [DEBUG] Starting unload of GuiListener at 1563571066398
[19-07-20 00:17:46] [INFO] [DEBUG] GuiListener has been unloaded. (took 0ms)
[19-07-20 00:17:46] [INFO] [DEBUG] Starting unload of UserManager at 1563571066398
[19-07-20 00:17:46] [INFO] [DEBUG] UserManager has been unloaded. (took 0ms)
[19-07-20 00:17:46] [INFO] [DEBUG] Starting unload of Lang at 1563571066398
[19-07-20 00:17:46] [INFO] [DEBUG] Lang has been unloaded. (took 0ms)
[19-07-20 00:17:46] [INFO] [DEBUG] Starting unload of Config at 1563571066399
[19-07-20 00:17:46] [INFO] [DEBUG] Config has been unloaded. (took 0ms)
[19-07-20 00:17:46] [INFO] [DEBUG] unload done (took 27ms)
[19-07-20 00:17:46] [INFO] [DEBUG] Log#clearSources done (took 0ms)
