[19-07-26 21:12:20] [INFO] [DEBUG] onEnable start -> 1564164740327

[19-07-26 21:12:21] [INFO] [DEBUG] Starting load of Config at 1564164741022
[19-07-26 21:12:21] [INFO] [DEBUG] Config has been loaded. (took 11ms)
[19-07-26 21:12:21] [INFO] [DEBUG] Starting load of Lang at 1564164741033
[19-07-26 21:12:21] [INFO] [DEBUG] Lang has been loaded. (took 9ms)
[19-07-26 21:12:21] [INFO] [DEBUG] Starting load of UserManager at 1564164741042
[19-07-26 21:12:21] [INFO] [DEBUG] UserManager has been loaded. (took 1ms)
[19-07-26 21:12:21] [INFO] [DEBUG] Starting load of GuiListener at 1564164741043
[19-07-26 21:12:21] [INFO] [DEBUG] GuiListener has been loaded. (took 0ms)
[19-07-26 21:12:21] [INFO] [DEBUG] Starting load of ArenaManager at 1564164741043
[19-07-26 21:12:21] [INFO] ArenaManager: Loaded 5 arena(s).
[19-07-26 21:12:21] [INFO] [DEBUG] ArenaManager has been loaded. (took 26ms)
[19-07-26 21:12:21] [INFO] [DEBUG] Starting load of KitManager at 1564164741069
[19-07-26 21:12:21] [INFO] KitManager: Loaded 0 kit(s).
[19-07-26 21:12:21] [INFO] [DEBUG] KitManager has been loaded. (took 9ms)
[19-07-26 21:12:21] [INFO] [DEBUG] Starting load of SettingsManager at 1564164741078
[19-07-26 21:12:21] [INFO] [DEBUG] SettingsManager has been loaded. (took 0ms)
[19-07-26 21:12:21] [INFO] [DEBUG] Starting load of PlayerInfoManager at 1564164741078
[19-07-26 21:12:21] [INFO] PlayerInfoManager: Lobby location was not set, using world's spawn location as default. Use the command /duels setlobby in-game to set the lobby location.
[19-07-26 21:12:21] [INFO] [DEBUG] PlayerInfoManager has been loaded. (took 0ms)
[19-07-26 21:12:21] [INFO] [DEBUG] Starting load of SpectateManager at 1564164741078
[19-07-26 21:12:21] [INFO] [DEBUG] SpectateManager has been loaded. (took 0ms)
[19-07-26 21:12:21] [INFO] [DEBUG] Starting load of BettingManager at 1564164741079
[19-07-26 21:12:21] [INFO] [DEBUG] BettingManager has been loaded. (took 0ms)
[19-07-26 21:12:21] [INFO] [DEBUG] Starting load of InventoryManager at 1564164741079
[19-07-26 21:12:21] [INFO] [DEBUG] InventoryManager has been loaded. (took 0ms)
[19-07-26 21:12:21] [INFO] [DEBUG] Starting load of DuelManager at 1564164741079
[19-07-26 21:12:21] [INFO] [DEBUG] DuelManager has been loaded. (took 0ms)
[19-07-26 21:12:21] [INFO] [DEBUG] Starting load of QueueManager at 1564164741079
[19-07-26 21:12:21] [INFO] QueueManager: Loaded 0 queue(s).
[19-07-26 21:12:21] [INFO] [DEBUG] QueueManager has been loaded. (took 3ms)
[19-07-26 21:12:21] [INFO] [DEBUG] Starting load of QueueSignManager at 1564164741082
[19-07-26 21:12:21] [INFO] QueueSignManager: Loaded 0 queue sign(s).
[19-07-26 21:12:21] [INFO] [DEBUG] QueueSignManager has been loaded. (took 2ms)
[19-07-26 21:12:21] [INFO] [DEBUG] Starting load of RequestManager at 1564164741084
[19-07-26 21:12:21] [INFO] [DEBUG] RequestManager has been loaded. (took 0ms)
[19-07-26 21:12:21] [INFO] [DEBUG] Starting load of Teleport at 1564164741084
[19-07-26 21:12:21] [INFO] [DEBUG] Teleport has been loaded. (took 0ms)
[19-07-26 21:12:21] [INFO] [DEBUG] Starting load of ExtensionManager at 1564164741084
[19-07-26 21:12:21] [INFO] [DEBUG] ExtensionManager has been loaded. (took 1ms)
[19-07-26 21:12:41] [INFO] No updates were available. You are on the latest version!
[19-07-26 21:28:56] [INFO] [DEBUG] onDisable start -> 1564165736223

[19-07-26 21:28:56] [INFO] [DEBUG] Starting unload of ExtensionManager at 1564165736231
[19-07-26 21:28:56] [INFO] [DEBUG] ExtensionManager has been unloaded. (took 1ms)
[19-07-26 21:28:56] [INFO] [DEBUG] Starting unload of Teleport at 1564165736232
[19-07-26 21:28:56] [INFO] [DEBUG] Teleport has been unloaded. (took 0ms)
[19-07-26 21:28:56] [INFO] [DEBUG] Starting unload of RequestManager at 1564165736232
[19-07-26 21:28:56] [INFO] [DEBUG] RequestManager has been unloaded. (took 0ms)
[19-07-26 21:28:56] [INFO] [DEBUG] Starting unload of QueueSignManager at 1564165736232
[19-07-26 21:28:56] [INFO] [DEBUG] QueueSignManager has been unloaded. (took 0ms)
[19-07-26 21:28:56] [INFO] [DEBUG] Starting unload of QueueManager at 1564165736232
[19-07-26 21:28:56] [INFO] [DEBUG] QueueManager has been unloaded. (took 0ms)
[19-07-26 21:28:56] [INFO] [DEBUG] Starting unload of DuelManager at 1564165736233
[19-07-26 21:28:56] [INFO] [DEBUG] DuelManager has been unloaded. (took 1ms)
[19-07-26 21:28:56] [INFO] [DEBUG] Starting unload of InventoryManager at 1564165736234
[19-07-26 21:28:56] [INFO] [DEBUG] InventoryManager has been unloaded. (took 0ms)
[19-07-26 21:28:56] [INFO] [DEBUG] Starting unload of BettingManager at 1564165736234
[19-07-26 21:28:56] [INFO] [DEBUG] BettingManager has been unloaded. (took 0ms)
[19-07-26 21:28:56] [INFO] [DEBUG] Starting unload of SpectateManager at 1564165736234
[19-07-26 21:28:56] [INFO] [DEBUG] SpectateManager has been unloaded. (took 0ms)
[19-07-26 21:28:56] [INFO] [DEBUG] Starting unload of PlayerInfoManager at 1564165736234
[19-07-26 21:28:56] [INFO] [DEBUG] PlayerInfoManager has been unloaded. (took 0ms)
[19-07-26 21:28:56] [INFO] [DEBUG] Starting unload of SettingsManager at 1564165736234
[19-07-26 21:28:56] [INFO] [DEBUG] SettingsManager has been unloaded. (took 0ms)
[19-07-26 21:28:56] [INFO] [DEBUG] Starting unload of KitManager at 1564165736234
[19-07-26 21:28:56] [INFO] [DEBUG] KitManager has been unloaded. (took 0ms)
[19-07-26 21:28:56] [INFO] [DEBUG] Starting unload of ArenaManager at 1564165736234
[19-07-26 21:28:56] [INFO] [DEBUG] ArenaManager has been unloaded. (took 2ms)
[19-07-26 21:28:56] [INFO] [DEBUG] Starting unload of GuiListener at 1564165736236
[19-07-26 21:28:56] [INFO] [DEBUG] GuiListener has been unloaded. (took 0ms)
[19-07-26 21:28:56] [INFO] [DEBUG] Starting unload of UserManager at 1564165736236
[19-07-26 21:28:56] [INFO] [DEBUG] UserManager has been unloaded. (took 0ms)
[19-07-26 21:28:56] [INFO] [DEBUG] Starting unload of Lang at 1564165736236
[19-07-26 21:28:56] [INFO] [DEBUG] Lang has been unloaded. (took 0ms)
[19-07-26 21:28:56] [INFO] [DEBUG] Starting unload of Config at 1564165736236
[19-07-26 21:28:56] [INFO] [DEBUG] Config has been unloaded. (took 0ms)
[19-07-26 21:28:56] [INFO] [DEBUG] unload done (took 13ms)
[19-07-26 21:28:56] [INFO] [DEBUG] Log#clearSources done (took 0ms)
[19-07-26 21:31:27] [INFO] [DEBUG] onEnable start -> 1564165887687

[19-07-26 21:31:27] [INFO] [DEBUG] Starting load of Config at 1564165887770
[19-07-26 21:31:27] [INFO] [DEBUG] Config has been loaded. (took 11ms)
[19-07-26 21:31:27] [INFO] [DEBUG] Starting load of Lang at 1564165887781
[19-07-26 21:31:27] [INFO] [DEBUG] Lang has been loaded. (took 57ms)
[19-07-26 21:31:27] [INFO] [DEBUG] Starting load of UserManager at 1564165887838
[19-07-26 21:31:27] [INFO] [DEBUG] UserManager has been loaded. (took 1ms)
[19-07-26 21:31:27] [INFO] [DEBUG] Starting load of GuiListener at 1564165887839
[19-07-26 21:31:27] [INFO] [DEBUG] GuiListener has been loaded. (took 0ms)
[19-07-26 21:31:27] [INFO] [DEBUG] Starting load of ArenaManager at 1564165887839
[19-07-26 21:31:28] [INFO] ArenaManager: Loaded 5 arena(s).
[19-07-26 21:31:28] [INFO] [DEBUG] ArenaManager has been loaded. (took 685ms)
[19-07-26 21:31:28] [INFO] [DEBUG] Starting load of KitManager at 1564165888524
[19-07-26 21:31:28] [INFO] KitManager: Loaded 0 kit(s).
[19-07-26 21:31:28] [INFO] [DEBUG] KitManager has been loaded. (took 9ms)
[19-07-26 21:31:28] [INFO] [DEBUG] Starting load of SettingsManager at 1564165888533
[19-07-26 21:31:28] [INFO] [DEBUG] SettingsManager has been loaded. (took 0ms)
[19-07-26 21:31:28] [INFO] [DEBUG] Starting load of PlayerInfoManager at 1564165888533
[19-07-26 21:31:28] [INFO] PlayerInfoManager: Lobby location was not set, using world's spawn location as default. Use the command /duels setlobby in-game to set the lobby location.
[19-07-26 21:31:28] [INFO] [DEBUG] PlayerInfoManager has been loaded. (took 1ms)
[19-07-26 21:31:28] [INFO] [DEBUG] Starting load of SpectateManager at 1564165888534
[19-07-26 21:31:28] [INFO] [DEBUG] SpectateManager has been loaded. (took 0ms)
[19-07-26 21:31:28] [INFO] [DEBUG] Starting load of BettingManager at 1564165888534
[19-07-26 21:31:28] [INFO] [DEBUG] BettingManager has been loaded. (took 0ms)
[19-07-26 21:31:28] [INFO] [DEBUG] Starting load of InventoryManager at 1564165888534
[19-07-26 21:31:28] [INFO] [DEBUG] InventoryManager has been loaded. (took 1ms)
[19-07-26 21:31:28] [INFO] [DEBUG] Starting load of DuelManager at 1564165888535
[19-07-26 21:31:28] [INFO] [DEBUG] DuelManager has been loaded. (took 0ms)
[19-07-26 21:31:28] [INFO] [DEBUG] Starting load of QueueManager at 1564165888535
[19-07-26 21:31:28] [INFO] QueueManager: Loaded 0 queue(s).
[19-07-26 21:31:28] [INFO] [DEBUG] QueueManager has been loaded. (took 3ms)
[19-07-26 21:31:28] [INFO] [DEBUG] Starting load of QueueSignManager at 1564165888538
[19-07-26 21:31:28] [INFO] QueueSignManager: Loaded 0 queue sign(s).
[19-07-26 21:31:28] [INFO] [DEBUG] QueueSignManager has been loaded. (took 2ms)
[19-07-26 21:31:28] [INFO] [DEBUG] Starting load of RequestManager at 1564165888540
[19-07-26 21:31:28] [INFO] [DEBUG] RequestManager has been loaded. (took 0ms)
[19-07-26 21:31:28] [INFO] [DEBUG] Starting load of Teleport at 1564165888540
[19-07-26 21:31:28] [INFO] [DEBUG] Teleport has been loaded. (took 0ms)
[19-07-26 21:31:28] [INFO] [DEBUG] Starting load of ExtensionManager at 1564165888540
[19-07-26 21:31:28] [INFO] [DEBUG] ExtensionManager has been loaded. (took 1ms)
[19-07-26 21:31:48] [INFO] No updates were available. You are on the latest version!
[19-07-26 22:17:30] [INFO] [DEBUG] onDisable start -> 1564168650751

[19-07-26 22:17:30] [INFO] [DEBUG] Starting unload of ExtensionManager at 1564168650754
[19-07-26 22:17:30] [INFO] [DEBUG] ExtensionManager has been unloaded. (took 1ms)
[19-07-26 22:17:30] [INFO] [DEBUG] Starting unload of Teleport at 1564168650755
[19-07-26 22:17:30] [INFO] [DEBUG] Teleport has been unloaded. (took 0ms)
[19-07-26 22:17:30] [INFO] [DEBUG] Starting unload of RequestManager at 1564168650755
[19-07-26 22:17:30] [INFO] [DEBUG] RequestManager has been unloaded. (took 0ms)
[19-07-26 22:17:30] [INFO] [DEBUG] Starting unload of QueueSignManager at 1564168650755
[19-07-26 22:17:30] [INFO] [DEBUG] QueueSignManager has been unloaded. (took 0ms)
[19-07-26 22:17:30] [INFO] [DEBUG] Starting unload of QueueManager at 1564168650755
[19-07-26 22:17:30] [INFO] [DEBUG] QueueManager has been unloaded. (took 1ms)
[19-07-26 22:17:30] [INFO] [DEBUG] Starting unload of DuelManager at 1564168650756
[19-07-26 22:17:30] [INFO] [DEBUG] DuelManager has been unloaded. (took 1ms)
[19-07-26 22:17:30] [INFO] [DEBUG] Starting unload of InventoryManager at 1564168650757
[19-07-26 22:17:30] [INFO] [DEBUG] InventoryManager has been unloaded. (took 0ms)
[19-07-26 22:17:30] [INFO] [DEBUG] Starting unload of BettingManager at 1564168650757
[19-07-26 22:17:30] [INFO] [DEBUG] BettingManager has been unloaded. (took 0ms)
[19-07-26 22:17:30] [INFO] [DEBUG] Starting unload of SpectateManager at 1564168650757
[19-07-26 22:17:30] [INFO] [DEBUG] SpectateManager has been unloaded. (took 0ms)
[19-07-26 22:17:30] [INFO] [DEBUG] Starting unload of PlayerInfoManager at 1564168650757
[19-07-26 22:17:30] [INFO] [DEBUG] PlayerInfoManager has been unloaded. (took 1ms)
[19-07-26 22:17:30] [INFO] [DEBUG] Starting unload of SettingsManager at 1564168650758
[19-07-26 22:17:30] [INFO] [DEBUG] SettingsManager has been unloaded. (took 0ms)
[19-07-26 22:17:30] [INFO] [DEBUG] Starting unload of KitManager at 1564168650758
[19-07-26 22:17:30] [INFO] [DEBUG] KitManager has been unloaded. (took 0ms)
[19-07-26 22:17:30] [INFO] [DEBUG] Starting unload of ArenaManager at 1564168650758
[19-07-26 22:17:30] [INFO] [DEBUG] ArenaManager has been unloaded. (took 14ms)
[19-07-26 22:17:30] [INFO] [DEBUG] Starting unload of GuiListener at 1564168650772
[19-07-26 22:17:30] [INFO] [DEBUG] GuiListener has been unloaded. (took 0ms)
[19-07-26 22:17:30] [INFO] [DEBUG] Starting unload of UserManager at 1564168650772
[19-07-26 22:17:30] [INFO] [DEBUG] UserManager has been unloaded. (took 1ms)
[19-07-26 22:17:30] [INFO] [DEBUG] Starting unload of Lang at 1564168650773
[19-07-26 22:17:30] [INFO] [DEBUG] Lang has been unloaded. (took 0ms)
[19-07-26 22:17:30] [INFO] [DEBUG] Starting unload of Config at 1564168650773
[19-07-26 22:17:30] [INFO] [DEBUG] Config has been unloaded. (took 0ms)
[19-07-26 22:17:30] [INFO] [DEBUG] unload done (took 22ms)
[19-07-26 22:17:30] [INFO] [DEBUG] Log#clearSources done (took 0ms)
[19-07-26 22:19:56] [INFO] [DEBUG] onEnable start -> 1564168796529

[19-07-26 22:19:56] [INFO] [DEBUG] Starting load of Config at 1564168796602
[19-07-26 22:19:56] [INFO] [DEBUG] Config has been loaded. (took 14ms)
[19-07-26 22:19:56] [INFO] [DEBUG] Starting load of Lang at 1564168796616
[19-07-26 22:19:56] [INFO] [DEBUG] Lang has been loaded. (took 20ms)
[19-07-26 22:19:56] [INFO] [DEBUG] Starting load of UserManager at 1564168796636
[19-07-26 22:19:56] [INFO] [DEBUG] UserManager has been loaded. (took 1ms)
[19-07-26 22:19:56] [INFO] [DEBUG] Starting load of GuiListener at 1564168796637
[19-07-26 22:19:56] [INFO] [DEBUG] GuiListener has been loaded. (took 0ms)
[19-07-26 22:19:56] [INFO] [DEBUG] Starting load of ArenaManager at 1564168796637
[19-07-26 22:19:57] [INFO] ArenaManager: Loaded 5 arena(s).
[19-07-26 22:19:57] [INFO] [DEBUG] ArenaManager has been loaded. (took 694ms)
[19-07-26 22:19:57] [INFO] [DEBUG] Starting load of KitManager at 1564168797331
[19-07-26 22:19:57] [INFO] KitManager: Loaded 0 kit(s).
[19-07-26 22:19:57] [INFO] [DEBUG] KitManager has been loaded. (took 12ms)
[19-07-26 22:19:57] [INFO] [DEBUG] Starting load of SettingsManager at 1564168797343
[19-07-26 22:19:57] [INFO] [DEBUG] SettingsManager has been loaded. (took 1ms)
[19-07-26 22:19:57] [INFO] [DEBUG] Starting load of PlayerInfoManager at 1564168797344
[19-07-26 22:19:57] [INFO] PlayerInfoManager: Lobby location was not set, using world's spawn location as default. Use the command /duels setlobby in-game to set the lobby location.
[19-07-26 22:19:57] [INFO] [DEBUG] PlayerInfoManager has been loaded. (took 0ms)
[19-07-26 22:19:57] [INFO] [DEBUG] Starting load of SpectateManager at 1564168797344
[19-07-26 22:19:57] [INFO] [DEBUG] SpectateManager has been loaded. (took 0ms)
[19-07-26 22:19:57] [INFO] [DEBUG] Starting load of BettingManager at 1564168797344
[19-07-26 22:19:57] [INFO] [DEBUG] BettingManager has been loaded. (took 0ms)
[19-07-26 22:19:57] [INFO] [DEBUG] Starting load of InventoryManager at 1564168797344
[19-07-26 22:19:57] [INFO] [DEBUG] InventoryManager has been loaded. (took 1ms)
[19-07-26 22:19:57] [INFO] [DEBUG] Starting load of DuelManager at 1564168797345
[19-07-26 22:19:57] [INFO] [DEBUG] DuelManager has been loaded. (took 0ms)
[19-07-26 22:19:57] [INFO] [DEBUG] Starting load of QueueManager at 1564168797345
[19-07-26 22:19:57] [INFO] QueueManager: Loaded 0 queue(s).
[19-07-26 22:19:57] [INFO] [DEBUG] QueueManager has been loaded. (took 4ms)
[19-07-26 22:19:57] [INFO] [DEBUG] Starting load of QueueSignManager at 1564168797349
[19-07-26 22:19:57] [INFO] QueueSignManager: Loaded 0 queue sign(s).
[19-07-26 22:19:57] [INFO] [DEBUG] QueueSignManager has been loaded. (took 3ms)
[19-07-26 22:19:57] [INFO] [DEBUG] Starting load of RequestManager at 1564168797352
[19-07-26 22:19:57] [INFO] [DEBUG] RequestManager has been loaded. (took 0ms)
[19-07-26 22:19:57] [INFO] [DEBUG] Starting load of Teleport at 1564168797352
[19-07-26 22:19:57] [INFO] [DEBUG] Teleport has been loaded. (took 1ms)
[19-07-26 22:19:57] [INFO] [DEBUG] Starting load of ExtensionManager at 1564168797353
[19-07-26 22:19:57] [INFO] [DEBUG] ExtensionManager has been loaded. (took 0ms)
[19-07-26 22:20:18] [INFO] No updates were available. You are on the latest version!
[19-07-26 23:24:38] [INFO] [DEBUG] onDisable start -> 1564172678081

[19-07-26 23:24:38] [INFO] [DEBUG] Starting unload of ExtensionManager at 1564172678088
[19-07-26 23:24:38] [INFO] [DEBUG] ExtensionManager has been unloaded. (took 0ms)
[19-07-26 23:24:38] [INFO] [DEBUG] Starting unload of Teleport at 1564172678088
[19-07-26 23:24:38] [INFO] [DEBUG] Teleport has been unloaded. (took 0ms)
[19-07-26 23:24:38] [INFO] [DEBUG] Starting unload of RequestManager at 1564172678088
[19-07-26 23:24:38] [INFO] [DEBUG] RequestManager has been unloaded. (took 0ms)
[19-07-26 23:24:38] [INFO] [DEBUG] Starting unload of QueueSignManager at 1564172678088
[19-07-26 23:24:38] [INFO] [DEBUG] QueueSignManager has been unloaded. (took 1ms)
[19-07-26 23:24:38] [INFO] [DEBUG] Starting unload of QueueManager at 1564172678089
[19-07-26 23:24:38] [INFO] [DEBUG] QueueManager has been unloaded. (took 0ms)
[19-07-26 23:24:38] [INFO] [DEBUG] Starting unload of DuelManager at 1564172678089
[19-07-26 23:24:38] [INFO] [DEBUG] DuelManager has been unloaded. (took 1ms)
[19-07-26 23:24:38] [INFO] [DEBUG] Starting unload of InventoryManager at 1564172678090
[19-07-26 23:24:38] [INFO] [DEBUG] InventoryManager has been unloaded. (took 0ms)
[19-07-26 23:24:38] [INFO] [DEBUG] Starting unload of BettingManager at 1564172678090
[19-07-26 23:24:38] [INFO] [DEBUG] BettingManager has been unloaded. (took 0ms)
[19-07-26 23:24:38] [INFO] [DEBUG] Starting unload of SpectateManager at 1564172678090
[19-07-26 23:24:38] [INFO] [DEBUG] SpectateManager has been unloaded. (took 0ms)
[19-07-26 23:24:38] [INFO] [DEBUG] Starting unload of PlayerInfoManager at 1564172678090
[19-07-26 23:24:38] [INFO] [DEBUG] PlayerInfoManager has been unloaded. (took 0ms)
[19-07-26 23:24:38] [INFO] [DEBUG] Starting unload of SettingsManager at 1564172678090
[19-07-26 23:24:38] [INFO] [DEBUG] SettingsManager has been unloaded. (took 0ms)
[19-07-26 23:24:38] [INFO] [DEBUG] Starting unload of KitManager at 1564172678090
[19-07-26 23:24:38] [INFO] [DEBUG] KitManager has been unloaded. (took 0ms)
[19-07-26 23:24:38] [INFO] [DEBUG] Starting unload of ArenaManager at 1564172678090
[19-07-26 23:24:38] [INFO] [DEBUG] ArenaManager has been unloaded. (took 9ms)
[19-07-26 23:24:38] [INFO] [DEBUG] Starting unload of GuiListener at 1564172678099
[19-07-26 23:24:38] [INFO] [DEBUG] GuiListener has been unloaded. (took 0ms)
[19-07-26 23:24:38] [INFO] [DEBUG] Starting unload of UserManager at 1564172678099
[19-07-26 23:24:38] [INFO] [DEBUG] UserManager has been unloaded. (took 0ms)
[19-07-26 23:24:38] [INFO] [DEBUG] Starting unload of Lang at 1564172678099
[19-07-26 23:24:38] [INFO] [DEBUG] Lang has been unloaded. (took 0ms)
[19-07-26 23:24:38] [INFO] [DEBUG] Starting unload of Config at 1564172678099
[19-07-26 23:24:38] [INFO] [DEBUG] Config has been unloaded. (took 0ms)
[19-07-26 23:24:38] [INFO] [DEBUG] unload done (took 18ms)
[19-07-26 23:24:38] [INFO] [DEBUG] Log#clearSources done (took 0ms)
[19-07-26 23:26:59] [INFO] [DEBUG] onEnable start -> 1564172819763

[19-07-26 23:26:59] [INFO] [DEBUG] Starting load of Config at 1564172819843
[19-07-26 23:26:59] [INFO] [DEBUG] Config has been loaded. (took 10ms)
[19-07-26 23:26:59] [INFO] [DEBUG] Starting load of Lang at 1564172819853
[19-07-26 23:26:59] [INFO] [DEBUG] Lang has been loaded. (took 10ms)
[19-07-26 23:26:59] [INFO] [DEBUG] Starting load of UserManager at 1564172819863
[19-07-26 23:26:59] [INFO] [DEBUG] UserManager has been loaded. (took 1ms)
[19-07-26 23:26:59] [INFO] [DEBUG] Starting load of GuiListener at 1564172819864
[19-07-26 23:26:59] [INFO] [DEBUG] GuiListener has been loaded. (took 0ms)
[19-07-26 23:26:59] [INFO] [DEBUG] Starting load of ArenaManager at 1564172819864
[19-07-26 23:26:59] [INFO] ArenaManager: Loaded 5 arena(s).
[19-07-26 23:26:59] [INFO] [DEBUG] ArenaManager has been loaded. (took 27ms)
[19-07-26 23:26:59] [INFO] [DEBUG] Starting load of KitManager at 1564172819891
[19-07-26 23:26:59] [INFO] KitManager: Loaded 0 kit(s).
[19-07-26 23:26:59] [INFO] [DEBUG] KitManager has been loaded. (took 10ms)
[19-07-26 23:26:59] [INFO] [DEBUG] Starting load of SettingsManager at 1564172819902
[19-07-26 23:26:59] [INFO] [DEBUG] SettingsManager has been loaded. (took 0ms)
[19-07-26 23:26:59] [INFO] [DEBUG] Starting load of PlayerInfoManager at 1564172819902
[19-07-26 23:26:59] [INFO] PlayerInfoManager: Lobby location was not set, using world's spawn location as default. Use the command /duels setlobby in-game to set the lobby location.
[19-07-26 23:26:59] [INFO] [DEBUG] PlayerInfoManager has been loaded. (took 0ms)
[19-07-26 23:26:59] [INFO] [DEBUG] Starting load of SpectateManager at 1564172819902
[19-07-26 23:26:59] [INFO] [DEBUG] SpectateManager has been loaded. (took 0ms)
[19-07-26 23:26:59] [INFO] [DEBUG] Starting load of BettingManager at 1564172819902
[19-07-26 23:26:59] [INFO] [DEBUG] BettingManager has been loaded. (took 0ms)
[19-07-26 23:26:59] [INFO] [DEBUG] Starting load of InventoryManager at 1564172819902
[19-07-26 23:26:59] [INFO] [DEBUG] InventoryManager has been loaded. (took 1ms)
[19-07-26 23:26:59] [INFO] [DEBUG] Starting load of DuelManager at 1564172819903
[19-07-26 23:26:59] [INFO] [DEBUG] DuelManager has been loaded. (took 0ms)
[19-07-26 23:26:59] [INFO] [DEBUG] Starting load of QueueManager at 1564172819903
[19-07-26 23:26:59] [INFO] QueueManager: Loaded 0 queue(s).
[19-07-26 23:26:59] [INFO] [DEBUG] QueueManager has been loaded. (took 2ms)
[19-07-26 23:26:59] [INFO] [DEBUG] Starting load of QueueSignManager at 1564172819906
[19-07-26 23:26:59] [INFO] QueueSignManager: Loaded 0 queue sign(s).
[19-07-26 23:26:59] [INFO] [DEBUG] QueueSignManager has been loaded. (took 3ms)
[19-07-26 23:26:59] [INFO] [DEBUG] Starting load of RequestManager at 1564172819909
[19-07-26 23:26:59] [INFO] [DEBUG] RequestManager has been loaded. (took 0ms)
[19-07-26 23:26:59] [INFO] [DEBUG] Starting load of Teleport at 1564172819909
[19-07-26 23:26:59] [INFO] [DEBUG] Teleport has been loaded. (took 0ms)
[19-07-26 23:26:59] [INFO] [DEBUG] Starting load of ExtensionManager at 1564172819910
[19-07-26 23:26:59] [INFO] [DEBUG] ExtensionManager has been loaded. (took 0ms)
[19-07-26 23:27:21] [INFO] No updates were available. You are on the latest version!
[19-07-26 23:54:04] [INFO] [DEBUG] onEnable start -> 1564174444787

[19-07-26 23:54:04] [INFO] [DEBUG] Starting load of Config at 1564174444865
[19-07-26 23:54:04] [INFO] [DEBUG] Config has been loaded. (took 10ms)
[19-07-26 23:54:04] [INFO] [DEBUG] Starting load of Lang at 1564174444875
[19-07-26 23:54:04] [INFO] [DEBUG] Lang has been loaded. (took 12ms)
[19-07-26 23:54:04] [INFO] [DEBUG] Starting load of UserManager at 1564174444887
[19-07-26 23:54:04] [INFO] [DEBUG] UserManager has been loaded. (took 1ms)
[19-07-26 23:54:04] [INFO] [DEBUG] Starting load of GuiListener at 1564174444888
[19-07-26 23:54:04] [INFO] [DEBUG] GuiListener has been loaded. (took 0ms)
[19-07-26 23:54:04] [INFO] [DEBUG] Starting load of ArenaManager at 1564174444888
[19-07-26 23:54:04] [INFO] ArenaManager: Loaded 5 arena(s).
[19-07-26 23:54:04] [INFO] [DEBUG] ArenaManager has been loaded. (took 35ms)
[19-07-26 23:54:04] [INFO] [DEBUG] Starting load of KitManager at 1564174444923
[19-07-26 23:54:04] [INFO] KitManager: Loaded 0 kit(s).
[19-07-26 23:54:04] [INFO] [DEBUG] KitManager has been loaded. (took 13ms)
[19-07-26 23:54:04] [INFO] [DEBUG] Starting load of SettingsManager at 1564174444936
[19-07-26 23:54:04] [INFO] [DEBUG] SettingsManager has been loaded. (took 0ms)
[19-07-26 23:54:04] [INFO] [DEBUG] Starting load of PlayerInfoManager at 1564174444936
[19-07-26 23:54:04] [INFO] PlayerInfoManager: Lobby location was not set, using world's spawn location as default. Use the command /duels setlobby in-game to set the lobby location.
[19-07-26 23:54:04] [INFO] [DEBUG] PlayerInfoManager has been loaded. (took 0ms)
[19-07-26 23:54:04] [INFO] [DEBUG] Starting load of SpectateManager at 1564174444936
[19-07-26 23:54:04] [INFO] [DEBUG] SpectateManager has been loaded. (took 1ms)
[19-07-26 23:54:04] [INFO] [DEBUG] Starting load of BettingManager at 1564174444937
[19-07-26 23:54:04] [INFO] [DEBUG] BettingManager has been loaded. (took 0ms)
[19-07-26 23:54:04] [INFO] [DEBUG] Starting load of InventoryManager at 1564174444937
[19-07-26 23:54:04] [INFO] [DEBUG] InventoryManager has been loaded. (took 0ms)
[19-07-26 23:54:04] [INFO] [DEBUG] Starting load of DuelManager at 1564174444937
[19-07-26 23:54:04] [INFO] [DEBUG] DuelManager has been loaded. (took 0ms)
[19-07-26 23:54:04] [INFO] [DEBUG] Starting load of QueueManager at 1564174444937
[19-07-26 23:54:04] [INFO] QueueManager: Loaded 0 queue(s).
[19-07-26 23:54:04] [INFO] [DEBUG] QueueManager has been loaded. (took 4ms)
[19-07-26 23:54:04] [INFO] [DEBUG] Starting load of QueueSignManager at 1564174444941
[19-07-26 23:54:04] [INFO] QueueSignManager: Loaded 0 queue sign(s).
[19-07-26 23:54:04] [INFO] [DEBUG] QueueSignManager has been loaded. (took 3ms)
[19-07-26 23:54:04] [INFO] [DEBUG] Starting load of RequestManager at 1564174444944
[19-07-26 23:54:04] [INFO] [DEBUG] RequestManager has been loaded. (took 0ms)
[19-07-26 23:54:04] [INFO] [DEBUG] Starting load of Teleport at 1564174444944
[19-07-26 23:54:04] [INFO] [DEBUG] Teleport has been loaded. (took 0ms)
[19-07-26 23:54:04] [INFO] [DEBUG] Starting load of ExtensionManager at 1564174444944
[19-07-26 23:54:04] [INFO] [DEBUG] ExtensionManager has been loaded. (took 1ms)
[19-07-26 23:54:26] [INFO] No updates were available. You are on the latest version!
