[19-07-22 02:13:05] [INFO] [DEBUG] onEnable start -> 1563750785175

[19-07-22 02:13:05] [INFO] [DEBUG] Starting load of Config at 1563750785247
[19-07-22 02:13:05] [INFO] [DEBUG] Config has been loaded. (took 10ms)
[19-07-22 02:13:05] [INFO] [DEBUG] Starting load of Lang at 1563750785257
[19-07-22 02:13:05] [INFO] [DEBUG] Lang has been loaded. (took 9ms)
[19-07-22 02:13:05] [INFO] [DEBUG] Starting load of UserManager at 1563750785266
[19-07-22 02:13:05] [INFO] [DEBUG] UserManager has been loaded. (took 1ms)
[19-07-22 02:13:05] [INFO] [DEBUG] Starting load of GuiListener at 1563750785267
[19-07-22 02:13:05] [INFO] [DEBUG] GuiListener has been loaded. (took 0ms)
[19-07-22 02:13:05] [INFO] [DEBUG] Starting load of ArenaManager at 1563750785267
[19-07-22 02:13:05] [INFO] ArenaManager: Loaded 5 arena(s).
[19-07-22 02:13:05] [INFO] [DEBUG] ArenaManager has been loaded. (took 33ms)
[19-07-22 02:13:05] [INFO] [DEBUG] Starting load of KitManager at 1563750785300
[19-07-22 02:13:06] [INFO] KitManager: Loaded 0 kit(s).
[19-07-22 02:13:06] [INFO] [DEBUG] KitManager has been loaded. (took 776ms)
[19-07-22 02:13:06] [INFO] [DEBUG] Starting load of SettingsManager at 1563750786076
[19-07-22 02:13:06] [INFO] [DEBUG] SettingsManager has been loaded. (took 0ms)
[19-07-22 02:13:06] [INFO] [DEBUG] Starting load of PlayerInfoManager at 1563750786076
[19-07-22 02:13:06] [INFO] PlayerInfoManager: Lobby location was not set, using world's spawn location as default. Use the command /duels setlobby in-game to set the lobby location.
[19-07-22 02:13:06] [INFO] [DEBUG] PlayerInfoManager has been loaded. (took 0ms)
[19-07-22 02:13:06] [INFO] [DEBUG] Starting load of SpectateManager at 1563750786076
[19-07-22 02:13:06] [INFO] [DEBUG] SpectateManager has been loaded. (took 0ms)
[19-07-22 02:13:06] [INFO] [DEBUG] Starting load of BettingManager at 1563750786076
[19-07-22 02:13:06] [INFO] [DEBUG] BettingManager has been loaded. (took 1ms)
[19-07-22 02:13:06] [INFO] [DEBUG] Starting load of InventoryManager at 1563750786077
[19-07-22 02:13:06] [INFO] [DEBUG] InventoryManager has been loaded. (took 0ms)
[19-07-22 02:13:06] [INFO] [DEBUG] Starting load of DuelManager at 1563750786077
[19-07-22 02:13:06] [INFO] [DEBUG] DuelManager has been loaded. (took 0ms)
[19-07-22 02:13:06] [INFO] [DEBUG] Starting load of QueueManager at 1563750786077
[19-07-22 02:13:06] [INFO] QueueManager: Loaded 0 queue(s).
[19-07-22 02:13:06] [INFO] [DEBUG] QueueManager has been loaded. (took 10ms)
[19-07-22 02:13:06] [INFO] [DEBUG] Starting load of QueueSignManager at 1563750786087
[19-07-22 02:13:06] [INFO] QueueSignManager: Loaded 0 queue sign(s).
[19-07-22 02:13:06] [INFO] [DEBUG] QueueSignManager has been loaded. (took 12ms)
[19-07-22 02:13:06] [INFO] [DEBUG] Starting load of RequestManager at 1563750786099
[19-07-22 02:13:06] [INFO] [DEBUG] RequestManager has been loaded. (took 0ms)
[19-07-22 02:13:06] [INFO] [DEBUG] Starting load of Teleport at 1563750786099
[19-07-22 02:13:06] [INFO] [DEBUG] Teleport has been loaded. (took 13ms)
[19-07-22 02:13:06] [INFO] [DEBUG] Starting load of ExtensionManager at 1563750786112
[19-07-22 02:13:06] [INFO] [DEBUG] ExtensionManager has been loaded. (took 0ms)
[19-07-22 02:13:37] [INFO] No updates were available. You are on the latest version!
[19-07-22 03:23:14] [INFO] [DEBUG] onDisable start -> 1563754994092

[19-07-22 03:23:14] [INFO] [DEBUG] Starting unload of ExtensionManager at 1563754994094
[19-07-22 03:23:14] [INFO] [DEBUG] ExtensionManager has been unloaded. (took 1ms)
[19-07-22 03:23:14] [INFO] [DEBUG] Starting unload of Teleport at 1563754994095
[19-07-22 03:23:14] [INFO] [DEBUG] Teleport has been unloaded. (took 0ms)
[19-07-22 03:23:14] [INFO] [DEBUG] Starting unload of RequestManager at 1563754994095
[19-07-22 03:23:14] [INFO] [DEBUG] RequestManager has been unloaded. (took 0ms)
[19-07-22 03:23:14] [INFO] [DEBUG] Starting unload of QueueSignManager at 1563754994095
[19-07-22 03:23:14] [INFO] [DEBUG] QueueSignManager has been unloaded. (took 0ms)
[19-07-22 03:23:14] [INFO] [DEBUG] Starting unload of QueueManager at 1563754994095
[19-07-22 03:23:14] [INFO] [DEBUG] QueueManager has been unloaded. (took 0ms)
[19-07-22 03:23:14] [INFO] [DEBUG] Starting unload of DuelManager at 1563754994095
[19-07-22 03:23:14] [INFO] [DEBUG] DuelManager has been unloaded. (took 2ms)
[19-07-22 03:23:14] [INFO] [DEBUG] Starting unload of InventoryManager at 1563754994097
[19-07-22 03:23:14] [INFO] [DEBUG] InventoryManager has been unloaded. (took 0ms)
[19-07-22 03:23:14] [INFO] [DEBUG] Starting unload of BettingManager at 1563754994097
[19-07-22 03:23:14] [INFO] [DEBUG] BettingManager has been unloaded. (took 0ms)
[19-07-22 03:23:14] [INFO] [DEBUG] Starting unload of SpectateManager at 1563754994097
[19-07-22 03:23:14] [INFO] [DEBUG] SpectateManager has been unloaded. (took 0ms)
[19-07-22 03:23:14] [INFO] [DEBUG] Starting unload of PlayerInfoManager at 1563754994097
[19-07-22 03:23:14] [INFO] [DEBUG] PlayerInfoManager has been unloaded. (took 0ms)
[19-07-22 03:23:14] [INFO] [DEBUG] Starting unload of SettingsManager at 1563754994097
[19-07-22 03:23:14] [INFO] [DEBUG] SettingsManager has been unloaded. (took 0ms)
[19-07-22 03:23:14] [INFO] [DEBUG] Starting unload of KitManager at 1563754994097
[19-07-22 03:23:14] [INFO] [DEBUG] KitManager has been unloaded. (took 0ms)
[19-07-22 03:23:14] [INFO] [DEBUG] Starting unload of ArenaManager at 1563754994097
[19-07-22 03:23:14] [INFO] [DEBUG] ArenaManager has been unloaded. (took 1ms)
[19-07-22 03:23:14] [INFO] [DEBUG] Starting unload of GuiListener at 1563754994098
[19-07-22 03:23:14] [INFO] [DEBUG] GuiListener has been unloaded. (took 0ms)
[19-07-22 03:23:14] [INFO] [DEBUG] Starting unload of UserManager at 1563754994098
[19-07-22 03:23:14] [INFO] [DEBUG] UserManager has been unloaded. (took 0ms)
[19-07-22 03:23:14] [INFO] [DEBUG] Starting unload of Lang at 1563754994098
[19-07-22 03:23:14] [INFO] [DEBUG] Lang has been unloaded. (took 0ms)
[19-07-22 03:23:14] [INFO] [DEBUG] Starting unload of Config at 1563754994098
[19-07-22 03:23:14] [INFO] [DEBUG] Config has been unloaded. (took 0ms)
[19-07-22 03:23:14] [INFO] [DEBUG] unload done (took 6ms)
[19-07-22 03:23:14] [INFO] [DEBUG] Log#clearSources done (took 1ms)
[19-07-22 14:36:18] [INFO] [DEBUG] onEnable start -> 1563795378957

[19-07-22 14:36:19] [INFO] [DEBUG] Starting load of Config at 1563795379048
[19-07-22 14:36:19] [INFO] [DEBUG] Config has been loaded. (took 10ms)
[19-07-22 14:36:19] [INFO] [DEBUG] Starting load of Lang at 1563795379058
[19-07-22 14:36:19] [INFO] [DEBUG] Lang has been loaded. (took 13ms)
[19-07-22 14:36:19] [INFO] [DEBUG] Starting load of UserManager at 1563795379071
[19-07-22 14:36:19] [INFO] [DEBUG] UserManager has been loaded. (took 1ms)
[19-07-22 14:36:19] [INFO] [DEBUG] Starting load of GuiListener at 1563795379072
[19-07-22 14:36:19] [INFO] [DEBUG] GuiListener has been loaded. (took 0ms)
[19-07-22 14:36:19] [INFO] [DEBUG] Starting load of ArenaManager at 1563795379072
[19-07-22 14:36:19] [INFO] ArenaManager: Loaded 5 arena(s).
[19-07-22 14:36:19] [INFO] [DEBUG] ArenaManager has been loaded. (took 804ms)
[19-07-22 14:36:19] [INFO] [DEBUG] Starting load of KitManager at 1563795379876
[19-07-22 14:36:19] [INFO] KitManager: Loaded 0 kit(s).
[19-07-22 14:36:19] [INFO] [DEBUG] KitManager has been loaded. (took 19ms)
[19-07-22 14:36:19] [INFO] [DEBUG] Starting load of SettingsManager at 1563795379895
[19-07-22 14:36:19] [INFO] [DEBUG] SettingsManager has been loaded. (took 0ms)
[19-07-22 14:36:19] [INFO] [DEBUG] Starting load of PlayerInfoManager at 1563795379895
[19-07-22 14:36:19] [INFO] PlayerInfoManager: Lobby location was not set, using world's spawn location as default. Use the command /duels setlobby in-game to set the lobby location.
[19-07-22 14:36:19] [INFO] [DEBUG] PlayerInfoManager has been loaded. (took 1ms)
[19-07-22 14:36:19] [INFO] [DEBUG] Starting load of SpectateManager at 1563795379896
[19-07-22 14:36:19] [INFO] [DEBUG] SpectateManager has been loaded. (took 0ms)
[19-07-22 14:36:19] [INFO] [DEBUG] Starting load of BettingManager at 1563795379896
[19-07-22 14:36:19] [INFO] [DEBUG] BettingManager has been loaded. (took 0ms)
[19-07-22 14:36:19] [INFO] [DEBUG] Starting load of InventoryManager at 1563795379896
[19-07-22 14:36:19] [INFO] [DEBUG] InventoryManager has been loaded. (took 1ms)
[19-07-22 14:36:19] [INFO] [DEBUG] Starting load of DuelManager at 1563795379897
[19-07-22 14:36:19] [INFO] [DEBUG] DuelManager has been loaded. (took 0ms)
[19-07-22 14:36:19] [INFO] [DEBUG] Starting load of QueueManager at 1563795379897
[19-07-22 14:36:19] [INFO] QueueManager: Loaded 0 queue(s).
[19-07-22 14:36:19] [INFO] [DEBUG] QueueManager has been loaded. (took 5ms)
[19-07-22 14:36:19] [INFO] [DEBUG] Starting load of QueueSignManager at 1563795379903
[19-07-22 14:36:19] [INFO] QueueSignManager: Loaded 0 queue sign(s).
[19-07-22 14:36:19] [INFO] [DEBUG] QueueSignManager has been loaded. (took 3ms)
[19-07-22 14:36:19] [INFO] [DEBUG] Starting load of RequestManager at 1563795379906
[19-07-22 14:36:19] [INFO] [DEBUG] RequestManager has been loaded. (took 0ms)
[19-07-22 14:36:19] [INFO] [DEBUG] Starting load of Teleport at 1563795379906
[19-07-22 14:36:19] [INFO] [DEBUG] Teleport has been loaded. (took 0ms)
[19-07-22 14:36:19] [INFO] [DEBUG] Starting load of ExtensionManager at 1563795379906
[19-07-22 14:36:19] [INFO] [DEBUG] ExtensionManager has been loaded. (took 1ms)
[19-07-22 14:36:57] [INFO] No updates were available. You are on the latest version!
[19-07-24 02:53:56] [INFO] [DEBUG] onDisable start -> 1563926036973

[19-07-24 02:53:56] [INFO] [DEBUG] Starting unload of ExtensionManager at 1563926036977
[19-07-24 02:53:56] [INFO] [DEBUG] ExtensionManager has been unloaded. (took 1ms)
[19-07-24 02:53:56] [INFO] [DEBUG] Starting unload of Teleport at 1563926036978
[19-07-24 02:53:56] [INFO] [DEBUG] Teleport has been unloaded. (took 0ms)
[19-07-24 02:53:56] [INFO] [DEBUG] Starting unload of RequestManager at 1563926036978
[19-07-24 02:53:56] [INFO] [DEBUG] RequestManager has been unloaded. (took 0ms)
[19-07-24 02:53:56] [INFO] [DEBUG] Starting unload of QueueSignManager at 1563926036978
[19-07-24 02:53:56] [INFO] [DEBUG] QueueSignManager has been unloaded. (took 0ms)
[19-07-24 02:53:56] [INFO] [DEBUG] Starting unload of QueueManager at 1563926036978
[19-07-24 02:53:56] [INFO] [DEBUG] QueueManager has been unloaded. (took 1ms)
[19-07-24 02:53:56] [INFO] [DEBUG] Starting unload of DuelManager at 1563926036979
[19-07-24 02:53:56] [INFO] [DEBUG] DuelManager has been unloaded. (took 2ms)
[19-07-24 02:53:56] [INFO] [DEBUG] Starting unload of InventoryManager at 1563926036981
[19-07-24 02:53:56] [INFO] [DEBUG] InventoryManager has been unloaded. (took 0ms)
[19-07-24 02:53:56] [INFO] [DEBUG] Starting unload of BettingManager at 1563926036981
[19-07-24 02:53:56] [INFO] [DEBUG] BettingManager has been unloaded. (took 0ms)
[19-07-24 02:53:56] [INFO] [DEBUG] Starting unload of SpectateManager at 1563926036981
[19-07-24 02:53:56] [INFO] [DEBUG] SpectateManager has been unloaded. (took 0ms)
[19-07-24 02:53:56] [INFO] [DEBUG] Starting unload of PlayerInfoManager at 1563926036981
[19-07-24 02:53:56] [INFO] [DEBUG] PlayerInfoManager has been unloaded. (took 0ms)
[19-07-24 02:53:56] [INFO] [DEBUG] Starting unload of SettingsManager at 1563926036981
[19-07-24 02:53:56] [INFO] [DEBUG] SettingsManager has been unloaded. (took 0ms)
[19-07-24 02:53:56] [INFO] [DEBUG] Starting unload of KitManager at 1563926036981
[19-07-24 02:53:56] [INFO] [DEBUG] KitManager has been unloaded. (took 0ms)
[19-07-24 02:53:56] [INFO] [DEBUG] Starting unload of ArenaManager at 1563926036981
[19-07-24 02:53:56] [INFO] [DEBUG] ArenaManager has been unloaded. (took 1ms)
[19-07-24 02:53:56] [INFO] [DEBUG] Starting unload of GuiListener at 1563926036982
[19-07-24 02:53:56] [INFO] [DEBUG] GuiListener has been unloaded. (took 0ms)
[19-07-24 02:53:56] [INFO] [DEBUG] Starting unload of UserManager at 1563926036982
[19-07-24 02:53:56] [INFO] [DEBUG] UserManager has been unloaded. (took 0ms)
[19-07-24 02:53:56] [INFO] [DEBUG] Starting unload of Lang at 1563926036982
[19-07-24 02:53:56] [INFO] [DEBUG] Lang has been unloaded. (took 0ms)
[19-07-24 02:53:56] [INFO] [DEBUG] Starting unload of Config at 1563926036982
[19-07-24 02:53:56] [INFO] [DEBUG] Config has been unloaded. (took 0ms)
[19-07-24 02:53:56] [INFO] [DEBUG] unload done (took 9ms)
[19-07-24 02:53:56] [INFO] [DEBUG] Log#clearSources done (took 0ms)
