[19-07-27 01:14:37] [INFO] [DEBUG] onEnable start -> 1564179277563

[19-07-27 01:14:38] [INFO] [DEBUG] Starting load of Config at 1564179278186
[19-07-27 01:14:38] [INFO] [DEBUG] Config has been loaded. (took 9ms)
[19-07-27 01:14:38] [INFO] [DEBUG] Starting load of Lang at 1564179278195
[19-07-27 01:14:38] [INFO] [DEBUG] Lang has been loaded. (took 9ms)
[19-07-27 01:14:38] [INFO] [DEBUG] Starting load of UserManager at 1564179278204
[19-07-27 01:14:38] [INFO] [DEBUG] UserManager has been loaded. (took 1ms)
[19-07-27 01:14:38] [INFO] [DEBUG] Starting load of GuiListener at 1564179278205
[19-07-27 01:14:38] [INFO] [DEBUG] GuiListener has been loaded. (took 0ms)
[19-07-27 01:14:38] [INFO] [DEBUG] Starting load of ArenaManager at 1564179278205
[19-07-27 01:14:38] [INFO] ArenaManager: Loaded 5 arena(s).
[19-07-27 01:14:38] [INFO] [DEBUG] ArenaManager has been loaded. (took 30ms)
[19-07-27 01:14:38] [INFO] [DEBUG] Starting load of KitManager at 1564179278235
[19-07-27 01:14:38] [INFO] KitManager: Loaded 0 kit(s).
[19-07-27 01:14:38] [INFO] [DEBUG] KitManager has been loaded. (took 12ms)
[19-07-27 01:14:38] [INFO] [DEBUG] Starting load of SettingsManager at 1564179278247
[19-07-27 01:14:38] [INFO] [DEBUG] SettingsManager has been loaded. (took 0ms)
[19-07-27 01:14:38] [INFO] [DEBUG] Starting load of PlayerInfoManager at 1564179278247
[19-07-27 01:14:38] [INFO] PlayerInfoManager: Lobby location was not set, using world's spawn location as default. Use the command /duels setlobby in-game to set the lobby location.
[19-07-27 01:14:38] [INFO] [DEBUG] PlayerInfoManager has been loaded. (took 0ms)
[19-07-27 01:14:38] [INFO] [DEBUG] Starting load of SpectateManager at 1564179278247
[19-07-27 01:14:38] [INFO] [DEBUG] SpectateManager has been loaded. (took 1ms)
[19-07-27 01:14:38] [INFO] [DEBUG] Starting load of BettingManager at 1564179278248
[19-07-27 01:14:38] [INFO] [DEBUG] BettingManager has been loaded. (took 0ms)
[19-07-27 01:14:38] [INFO] [DEBUG] Starting load of InventoryManager at 1564179278248
[19-07-27 01:14:38] [INFO] [DEBUG] InventoryManager has been loaded. (took 0ms)
[19-07-27 01:14:38] [INFO] [DEBUG] Starting load of DuelManager at 1564179278248
[19-07-27 01:14:38] [INFO] [DEBUG] DuelManager has been loaded. (took 0ms)
[19-07-27 01:14:38] [INFO] [DEBUG] Starting load of QueueManager at 1564179278248
[19-07-27 01:14:38] [INFO] QueueManager: Loaded 0 queue(s).
[19-07-27 01:14:38] [INFO] [DEBUG] QueueManager has been loaded. (took 4ms)
[19-07-27 01:14:38] [INFO] [DEBUG] Starting load of QueueSignManager at 1564179278252
[19-07-27 01:14:38] [INFO] QueueSignManager: Loaded 0 queue sign(s).
[19-07-27 01:14:38] [INFO] [DEBUG] QueueSignManager has been loaded. (took 3ms)
[19-07-27 01:14:38] [INFO] [DEBUG] Starting load of RequestManager at 1564179278255
[19-07-27 01:14:38] [INFO] [DEBUG] RequestManager has been loaded. (took 0ms)
[19-07-27 01:14:38] [INFO] [DEBUG] Starting load of Teleport at 1564179278255
[19-07-27 01:14:38] [INFO] [DEBUG] Teleport has been loaded. (took 1ms)
[19-07-27 01:14:38] [INFO] [DEBUG] Starting load of ExtensionManager at 1564179278256
[19-07-27 01:14:38] [INFO] [DEBUG] ExtensionManager has been loaded. (took 1ms)
[19-07-27 01:14:55] [INFO] No updates were available. You are on the latest version!
[19-07-27 03:19:04] [INFO] [DEBUG] onDisable start -> 1564186744905

[19-07-27 03:19:04] [INFO] [DEBUG] Starting unload of ExtensionManager at 1564186744909
[19-07-27 03:19:04] [INFO] [DEBUG] ExtensionManager has been unloaded. (took 0ms)
[19-07-27 03:19:04] [INFO] [DEBUG] Starting unload of Teleport at 1564186744910
[19-07-27 03:19:04] [INFO] [DEBUG] Teleport has been unloaded. (took 0ms)
[19-07-27 03:19:04] [INFO] [DEBUG] Starting unload of RequestManager at 1564186744910
[19-07-27 03:19:04] [INFO] [DEBUG] RequestManager has been unloaded. (took 0ms)
[19-07-27 03:19:04] [INFO] [DEBUG] Starting unload of QueueSignManager at 1564186744910
[19-07-27 03:19:04] [INFO] [DEBUG] QueueSignManager has been unloaded. (took 0ms)
[19-07-27 03:19:04] [INFO] [DEBUG] Starting unload of QueueManager at 1564186744910
[19-07-27 03:19:04] [INFO] [DEBUG] QueueManager has been unloaded. (took 0ms)
[19-07-27 03:19:04] [INFO] [DEBUG] Starting unload of DuelManager at 1564186744910
[19-07-27 03:19:04] [INFO] [DEBUG] DuelManager has been unloaded. (took 1ms)
[19-07-27 03:19:04] [INFO] [DEBUG] Starting unload of InventoryManager at 1564186744911
[19-07-27 03:19:04] [INFO] [DEBUG] InventoryManager has been unloaded. (took 0ms)
[19-07-27 03:19:04] [INFO] [DEBUG] Starting unload of BettingManager at 1564186744911
[19-07-27 03:19:04] [INFO] [DEBUG] BettingManager has been unloaded. (took 0ms)
[19-07-27 03:19:04] [INFO] [DEBUG] Starting unload of SpectateManager at 1564186744911
[19-07-27 03:19:04] [INFO] [DEBUG] SpectateManager has been unloaded. (took 0ms)
[19-07-27 03:19:04] [INFO] [DEBUG] Starting unload of PlayerInfoManager at 1564186744911
[19-07-27 03:19:04] [INFO] [DEBUG] PlayerInfoManager has been unloaded. (took 0ms)
[19-07-27 03:19:04] [INFO] [DEBUG] Starting unload of SettingsManager at 1564186744911
[19-07-27 03:19:04] [INFO] [DEBUG] SettingsManager has been unloaded. (took 0ms)
[19-07-27 03:19:04] [INFO] [DEBUG] Starting unload of KitManager at 1564186744911
[19-07-27 03:19:04] [INFO] [DEBUG] KitManager has been unloaded. (took 1ms)
[19-07-27 03:19:04] [INFO] [DEBUG] Starting unload of ArenaManager at 1564186744912
[19-07-27 03:19:04] [INFO] [DEBUG] ArenaManager has been unloaded. (took 0ms)
[19-07-27 03:19:04] [INFO] [DEBUG] Starting unload of GuiListener at 1564186744912
[19-07-27 03:19:04] [INFO] [DEBUG] GuiListener has been unloaded. (took 0ms)
[19-07-27 03:19:04] [INFO] [DEBUG] Starting unload of UserManager at 1564186744912
[19-07-27 03:19:04] [INFO] [DEBUG] UserManager has been unloaded. (took 0ms)
[19-07-27 03:19:04] [INFO] [DEBUG] Starting unload of Lang at 1564186744912
[19-07-27 03:19:04] [INFO] [DEBUG] Lang has been unloaded. (took 0ms)
[19-07-27 03:19:04] [INFO] [DEBUG] Starting unload of Config at 1564186744912
[19-07-27 03:19:04] [INFO] [DEBUG] Config has been unloaded. (took 0ms)
[19-07-27 03:19:04] [INFO] [DEBUG] unload done (took 7ms)
[19-07-27 03:19:04] [INFO] [DEBUG] Log#clearSources done (took 0ms)
[19-07-27 22:03:52] [INFO] [DEBUG] onEnable start -> 1564254232439

[19-07-27 22:03:52] [INFO] [DEBUG] Starting load of Config at 1564254232679
[19-07-27 22:03:52] [INFO] [DEBUG] Config has been loaded. (took 10ms)
[19-07-27 22:03:52] [INFO] [DEBUG] Starting load of Lang at 1564254232689
[19-07-27 22:03:52] [INFO] [DEBUG] Lang has been loaded. (took 12ms)
[19-07-27 22:03:52] [INFO] [DEBUG] Starting load of UserManager at 1564254232701
[19-07-27 22:03:52] [INFO] [DEBUG] UserManager has been loaded. (took 1ms)
[19-07-27 22:03:52] [INFO] [DEBUG] Starting load of GuiListener at 1564254232702
[19-07-27 22:03:52] [INFO] [DEBUG] GuiListener has been loaded. (took 0ms)
[19-07-27 22:03:52] [INFO] [DEBUG] Starting load of ArenaManager at 1564254232702
[19-07-27 22:03:53] [INFO] ArenaManager: Loaded 5 arena(s).
[19-07-27 22:03:53] [INFO] [DEBUG] ArenaManager has been loaded. (took 510ms)
[19-07-27 22:03:53] [INFO] [DEBUG] Starting load of KitManager at 1564254233212
[19-07-27 22:03:53] [INFO] KitManager: Loaded 0 kit(s).
[19-07-27 22:03:53] [INFO] [DEBUG] KitManager has been loaded. (took 11ms)
[19-07-27 22:03:53] [INFO] [DEBUG] Starting load of SettingsManager at 1564254233223
[19-07-27 22:03:53] [INFO] [DEBUG] SettingsManager has been loaded. (took 0ms)
[19-07-27 22:03:53] [INFO] [DEBUG] Starting load of PlayerInfoManager at 1564254233223
[19-07-27 22:03:53] [INFO] PlayerInfoManager: Lobby location was not set, using world's spawn location as default. Use the command /duels setlobby in-game to set the lobby location.
[19-07-27 22:03:53] [INFO] [DEBUG] PlayerInfoManager has been loaded. (took 0ms)
[19-07-27 22:03:53] [INFO] [DEBUG] Starting load of SpectateManager at 1564254233223
[19-07-27 22:03:53] [INFO] [DEBUG] SpectateManager has been loaded. (took 0ms)
[19-07-27 22:03:53] [INFO] [DEBUG] Starting load of BettingManager at 1564254233223
[19-07-27 22:03:53] [INFO] [DEBUG] BettingManager has been loaded. (took 1ms)
[19-07-27 22:03:53] [INFO] [DEBUG] Starting load of InventoryManager at 1564254233224
[19-07-27 22:03:53] [INFO] [DEBUG] InventoryManager has been loaded. (took 0ms)
[19-07-27 22:03:53] [INFO] [DEBUG] Starting load of DuelManager at 1564254233224
[19-07-27 22:03:53] [INFO] [DEBUG] DuelManager has been loaded. (took 0ms)
[19-07-27 22:03:53] [INFO] [DEBUG] Starting load of QueueManager at 1564254233224
[19-07-27 22:03:53] [INFO] QueueManager: Loaded 0 queue(s).
[19-07-27 22:03:53] [INFO] [DEBUG] QueueManager has been loaded. (took 3ms)
[19-07-27 22:03:53] [INFO] [DEBUG] Starting load of QueueSignManager at 1564254233228
[19-07-27 22:03:53] [INFO] QueueSignManager: Loaded 0 queue sign(s).
[19-07-27 22:03:53] [INFO] [DEBUG] QueueSignManager has been loaded. (took 3ms)
[19-07-27 22:03:53] [INFO] [DEBUG] Starting load of RequestManager at 1564254233231
[19-07-27 22:03:53] [INFO] [DEBUG] RequestManager has been loaded. (took 0ms)
[19-07-27 22:03:53] [INFO] [DEBUG] Starting load of Teleport at 1564254233231
[19-07-27 22:03:53] [INFO] [DEBUG] Teleport has been loaded. (took 0ms)
[19-07-27 22:03:53] [INFO] [DEBUG] Starting load of ExtensionManager at 1564254233231
[19-07-27 22:03:53] [INFO] [DEBUG] ExtensionManager has been loaded. (took 1ms)
[19-07-27 22:04:13] [INFO] No updates were available. You are on the latest version!
[19-07-28 00:08:59] [INFO] [DEBUG] onDisable start -> 1564261739979

[19-07-28 00:08:59] [INFO] [DEBUG] Starting unload of ExtensionManager at 1564261739984
[19-07-28 00:08:59] [INFO] [DEBUG] ExtensionManager has been unloaded. (took 1ms)
[19-07-28 00:08:59] [INFO] [DEBUG] Starting unload of Teleport at 1564261739985
[19-07-28 00:08:59] [INFO] [DEBUG] Teleport has been unloaded. (took 0ms)
[19-07-28 00:08:59] [INFO] [DEBUG] Starting unload of RequestManager at 1564261739985
[19-07-28 00:08:59] [INFO] [DEBUG] RequestManager has been unloaded. (took 0ms)
[19-07-28 00:08:59] [INFO] [DEBUG] Starting unload of QueueSignManager at 1564261739985
[19-07-28 00:08:59] [INFO] [DEBUG] QueueSignManager has been unloaded. (took 1ms)
[19-07-28 00:08:59] [INFO] [DEBUG] Starting unload of QueueManager at 1564261739986
[19-07-28 00:08:59] [INFO] [DEBUG] QueueManager has been unloaded. (took 0ms)
[19-07-28 00:08:59] [INFO] [DEBUG] Starting unload of DuelManager at 1564261739986
[19-07-28 00:08:59] [INFO] [DEBUG] DuelManager has been unloaded. (took 1ms)
[19-07-28 00:08:59] [INFO] [DEBUG] Starting unload of InventoryManager at 1564261739987
[19-07-28 00:08:59] [INFO] [DEBUG] InventoryManager has been unloaded. (took 1ms)
[19-07-28 00:08:59] [INFO] [DEBUG] Starting unload of BettingManager at 1564261739988
[19-07-28 00:08:59] [INFO] [DEBUG] BettingManager has been unloaded. (took 0ms)
[19-07-28 00:08:59] [INFO] [DEBUG] Starting unload of SpectateManager at 1564261739988
[19-07-28 00:08:59] [INFO] [DEBUG] SpectateManager has been unloaded. (took 0ms)
[19-07-28 00:08:59] [INFO] [DEBUG] Starting unload of PlayerInfoManager at 1564261739988
[19-07-28 00:08:59] [INFO] [DEBUG] PlayerInfoManager has been unloaded. (took 0ms)
[19-07-28 00:08:59] [INFO] [DEBUG] Starting unload of SettingsManager at 1564261739988
[19-07-28 00:08:59] [INFO] [DEBUG] SettingsManager has been unloaded. (took 0ms)
[19-07-28 00:08:59] [INFO] [DEBUG] Starting unload of KitManager at 1564261739988
[19-07-28 00:08:59] [INFO] [DEBUG] KitManager has been unloaded. (took 0ms)
[19-07-28 00:08:59] [INFO] [DEBUG] Starting unload of ArenaManager at 1564261739988
[19-07-28 00:08:59] [INFO] [DEBUG] ArenaManager has been unloaded. (took 1ms)
[19-07-28 00:08:59] [INFO] [DEBUG] Starting unload of GuiListener at 1564261739989
[19-07-28 00:08:59] [INFO] [DEBUG] GuiListener has been unloaded. (took 0ms)
[19-07-28 00:08:59] [INFO] [DEBUG] Starting unload of UserManager at 1564261739989
[19-07-28 00:08:59] [INFO] [DEBUG] UserManager has been unloaded. (took 0ms)
[19-07-28 00:08:59] [INFO] [DEBUG] Starting unload of Lang at 1564261739989
[19-07-28 00:08:59] [INFO] [DEBUG] Lang has been unloaded. (took 0ms)
[19-07-28 00:08:59] [INFO] [DEBUG] Starting unload of Config at 1564261739989
[19-07-28 00:08:59] [INFO] [DEBUG] Config has been unloaded. (took 0ms)
[19-07-28 00:08:59] [INFO] [DEBUG] unload done (took 10ms)
[19-07-28 00:08:59] [INFO] [DEBUG] Log#clearSources done (took 0ms)
