[19-07-28 00:11:33] [INFO] [DEBUG] onEnable start -> 1564261893326

[19-07-28 00:11:33] [INFO] [DEBUG] Starting load of Config at 1564261893421
[19-07-28 00:11:34] [INFO] [DEBUG] Config has been loaded. (took 666ms)
[19-07-28 00:11:34] [INFO] [DEBUG] Starting load of Lang at 1564261894088
[19-07-28 00:11:34] [INFO] [DEBUG] Lang has been loaded. (took 17ms)
[19-07-28 00:11:34] [INFO] [DEBUG] Starting load of UserManager at 1564261894105
[19-07-28 00:11:34] [INFO] [DEBUG] UserManager has been loaded. (took 0ms)
[19-07-28 00:11:34] [INFO] [DEBUG] Starting load of GuiListener at 1564261894106
[19-07-28 00:11:34] [INFO] [DEBUG] GuiListener has been loaded. (took 0ms)
[19-07-28 00:11:34] [INFO] [DEBUG] Starting load of ArenaManager at 1564261894106
[19-07-28 00:11:34] [INFO] ArenaManager: Loaded 5 arena(s).
[19-07-28 00:11:34] [INFO] [DEBUG] ArenaManager has been loaded. (took 29ms)
[19-07-28 00:11:34] [INFO] [DEBUG] Starting load of KitManager at 1564261894135
[19-07-28 00:11:34] [INFO] KitManager: Loaded 0 kit(s).
[19-07-28 00:11:34] [INFO] [DEBUG] KitManager has been loaded. (took 15ms)
[19-07-28 00:11:34] [INFO] [DEBUG] Starting load of SettingsManager at 1564261894151
[19-07-28 00:11:34] [INFO] [DEBUG] SettingsManager has been loaded. (took 0ms)
[19-07-28 00:11:34] [INFO] [DEBUG] Starting load of PlayerInfoManager at 1564261894151
[19-07-28 00:11:34] [INFO] PlayerInfoManager: Lobby location was not set, using world's spawn location as default. Use the command /duels setlobby in-game to set the lobby location.
[19-07-28 00:11:34] [INFO] [DEBUG] PlayerInfoManager has been loaded. (took 0ms)
[19-07-28 00:11:34] [INFO] [DEBUG] Starting load of SpectateManager at 1564261894151
[19-07-28 00:11:34] [INFO] [DEBUG] SpectateManager has been loaded. (took 0ms)
[19-07-28 00:11:34] [INFO] [DEBUG] Starting load of BettingManager at 1564261894151
[19-07-28 00:11:34] [INFO] [DEBUG] BettingManager has been loaded. (took 0ms)
[19-07-28 00:11:34] [INFO] [DEBUG] Starting load of InventoryManager at 1564261894151
[19-07-28 00:11:34] [INFO] [DEBUG] InventoryManager has been loaded. (took 1ms)
[19-07-28 00:11:34] [INFO] [DEBUG] Starting load of DuelManager at 1564261894152
[19-07-28 00:11:34] [INFO] [DEBUG] DuelManager has been loaded. (took 0ms)
[19-07-28 00:11:34] [INFO] [DEBUG] Starting load of QueueManager at 1564261894152
[19-07-28 00:11:34] [INFO] QueueManager: Loaded 0 queue(s).
[19-07-28 00:11:34] [INFO] [DEBUG] QueueManager has been loaded. (took 3ms)
[19-07-28 00:11:34] [INFO] [DEBUG] Starting load of QueueSignManager at 1564261894155
[19-07-28 00:11:34] [INFO] QueueSignManager: Loaded 0 queue sign(s).
[19-07-28 00:11:34] [INFO] [DEBUG] QueueSignManager has been loaded. (took 2ms)
[19-07-28 00:11:34] [INFO] [DEBUG] Starting load of RequestManager at 1564261894157
[19-07-28 00:11:34] [INFO] [DEBUG] RequestManager has been loaded. (took 0ms)
[19-07-28 00:11:34] [INFO] [DEBUG] Starting load of Teleport at 1564261894157
[19-07-28 00:11:34] [INFO] [DEBUG] Teleport has been loaded. (took 0ms)
[19-07-28 00:11:34] [INFO] [DEBUG] Starting load of ExtensionManager at 1564261894157
[19-07-28 00:11:34] [INFO] [DEBUG] ExtensionManager has been loaded. (took 0ms)
[19-07-28 00:11:57] [INFO] No updates were available. You are on the latest version!
[19-07-28 21:09:12] [INFO] [DEBUG] onDisable start -> 1564337352564

[19-07-28 21:09:12] [INFO] [DEBUG] Starting unload of ExtensionManager at 1564337352576
[19-07-28 21:09:12] [INFO] [DEBUG] ExtensionManager has been unloaded. (took 0ms)
[19-07-28 21:09:12] [INFO] [DEBUG] Starting unload of Teleport at 1564337352576
[19-07-28 21:09:12] [INFO] [DEBUG] Teleport has been unloaded. (took 0ms)
[19-07-28 21:09:12] [INFO] [DEBUG] Starting unload of RequestManager at 1564337352576
[19-07-28 21:09:12] [INFO] [DEBUG] RequestManager has been unloaded. (took 0ms)
[19-07-28 21:09:12] [INFO] [DEBUG] Starting unload of QueueSignManager at 1564337352576
[19-07-28 21:09:12] [INFO] [DEBUG] QueueSignManager has been unloaded. (took 1ms)
[19-07-28 21:09:12] [INFO] [DEBUG] Starting unload of QueueManager at 1564337352577
[19-07-28 21:09:12] [INFO] [DEBUG] QueueManager has been unloaded. (took 0ms)
[19-07-28 21:09:12] [INFO] [DEBUG] Starting unload of DuelManager at 1564337352577
[19-07-28 21:09:12] [INFO] [DEBUG] DuelManager has been unloaded. (took 1ms)
[19-07-28 21:09:12] [INFO] [DEBUG] Starting unload of InventoryManager at 1564337352578
[19-07-28 21:09:12] [INFO] [DEBUG] InventoryManager has been unloaded. (took 1ms)
[19-07-28 21:09:12] [INFO] [DEBUG] Starting unload of BettingManager at 1564337352579
[19-07-28 21:09:12] [INFO] [DEBUG] BettingManager has been unloaded. (took 0ms)
[19-07-28 21:09:12] [INFO] [DEBUG] Starting unload of SpectateManager at 1564337352579
[19-07-28 21:09:12] [INFO] [DEBUG] SpectateManager has been unloaded. (took 6ms)
[19-07-28 21:09:12] [INFO] [DEBUG] Starting unload of PlayerInfoManager at 1564337352585
[19-07-28 21:09:12] [INFO] [DEBUG] PlayerInfoManager has been unloaded. (took 0ms)
[19-07-28 21:09:12] [INFO] [DEBUG] Starting unload of SettingsManager at 1564337352585
[19-07-28 21:09:12] [INFO] [DEBUG] SettingsManager has been unloaded. (took 0ms)
[19-07-28 21:09:12] [INFO] [DEBUG] Starting unload of KitManager at 1564337352585
[19-07-28 21:09:12] [INFO] [DEBUG] KitManager has been unloaded. (took 1ms)
[19-07-28 21:09:12] [INFO] [DEBUG] Starting unload of ArenaManager at 1564337352586
[19-07-28 21:09:12] [INFO] [DEBUG] ArenaManager has been unloaded. (took 0ms)
[19-07-28 21:09:12] [INFO] [DEBUG] Starting unload of GuiListener at 1564337352586
[19-07-28 21:09:12] [INFO] [DEBUG] GuiListener has been unloaded. (took 0ms)
[19-07-28 21:09:12] [INFO] [DEBUG] Starting unload of UserManager at 1564337352586
[19-07-28 21:09:12] [INFO] [DEBUG] UserManager has been unloaded. (took 0ms)
[19-07-28 21:09:12] [INFO] [DEBUG] Starting unload of Lang at 1564337352586
[19-07-28 21:09:12] [INFO] [DEBUG] Lang has been unloaded. (took 0ms)
[19-07-28 21:09:12] [INFO] [DEBUG] Starting unload of Config at 1564337352586
[19-07-28 21:09:12] [INFO] [DEBUG] Config has been unloaded. (took 0ms)
[19-07-28 21:09:12] [INFO] [DEBUG] unload done (took 22ms)
[19-07-28 21:09:12] [INFO] [DEBUG] Log#clearSources done (took 0ms)
[19-07-28 21:12:48] [INFO] [DEBUG] onEnable start -> 1564337568485

[19-07-28 21:12:49] [INFO] [DEBUG] Starting load of Config at 1564337569219
[19-07-28 21:12:49] [INFO] [DEBUG] Config has been loaded. (took 63ms)
[19-07-28 21:12:49] [INFO] [DEBUG] Starting load of Lang at 1564337569282
[19-07-28 21:12:49] [INFO] [DEBUG] Lang has been loaded. (took 29ms)
[19-07-28 21:12:49] [INFO] [DEBUG] Starting load of UserManager at 1564337569312
[19-07-28 21:12:49] [INFO] [DEBUG] UserManager has been loaded. (took 2ms)
[19-07-28 21:12:49] [INFO] [DEBUG] Starting load of GuiListener at 1564337569314
[19-07-28 21:12:49] [INFO] [DEBUG] GuiListener has been loaded. (took 1ms)
[19-07-28 21:12:49] [INFO] [DEBUG] Starting load of ArenaManager at 1564337569315
[19-07-28 21:12:49] [INFO] ArenaManager: Loaded 5 arena(s).
[19-07-28 21:12:49] [INFO] [DEBUG] ArenaManager has been loaded. (took 45ms)
[19-07-28 21:12:49] [INFO] [DEBUG] Starting load of KitManager at 1564337569360
[19-07-28 21:12:49] [INFO] KitManager: Loaded 0 kit(s).
[19-07-28 21:12:49] [INFO] [DEBUG] KitManager has been loaded. (took 24ms)
[19-07-28 21:12:49] [INFO] [DEBUG] Starting load of SettingsManager at 1564337569384
[19-07-28 21:12:49] [INFO] [DEBUG] SettingsManager has been loaded. (took 0ms)
[19-07-28 21:12:49] [INFO] [DEBUG] Starting load of PlayerInfoManager at 1564337569384
[19-07-28 21:12:49] [INFO] PlayerInfoManager: Lobby location was not set, using world's spawn location as default. Use the command /duels setlobby in-game to set the lobby location.
[19-07-28 21:12:49] [INFO] [DEBUG] PlayerInfoManager has been loaded. (took 1ms)
[19-07-28 21:12:49] [INFO] [DEBUG] Starting load of SpectateManager at 1564337569385
[19-07-28 21:12:49] [INFO] [DEBUG] SpectateManager has been loaded. (took 0ms)
[19-07-28 21:12:49] [INFO] [DEBUG] Starting load of BettingManager at 1564337569385
[19-07-28 21:12:49] [INFO] [DEBUG] BettingManager has been loaded. (took 0ms)
[19-07-28 21:12:49] [INFO] [DEBUG] Starting load of InventoryManager at 1564337569385
[19-07-28 21:12:49] [INFO] [DEBUG] InventoryManager has been loaded. (took 1ms)
[19-07-28 21:12:49] [INFO] [DEBUG] Starting load of DuelManager at 1564337569386
[19-07-28 21:12:49] [INFO] [DEBUG] DuelManager has been loaded. (took 1ms)
[19-07-28 21:12:49] [INFO] [DEBUG] Starting load of QueueManager at 1564337569387
[19-07-28 21:12:49] [INFO] QueueManager: Loaded 0 queue(s).
[19-07-28 21:12:49] [INFO] [DEBUG] QueueManager has been loaded. (took 5ms)
[19-07-28 21:12:49] [INFO] [DEBUG] Starting load of QueueSignManager at 1564337569396
[19-07-28 21:12:49] [INFO] QueueSignManager: Loaded 0 queue sign(s).
[19-07-28 21:12:49] [INFO] [DEBUG] QueueSignManager has been loaded. (took 4ms)
[19-07-28 21:12:49] [INFO] [DEBUG] Starting load of RequestManager at 1564337569400
[19-07-28 21:12:49] [INFO] [DEBUG] RequestManager has been loaded. (took 0ms)
[19-07-28 21:12:49] [INFO] [DEBUG] Starting load of Teleport at 1564337569400
[19-07-28 21:12:49] [INFO] [DEBUG] Teleport has been loaded. (took 1ms)
[19-07-28 21:12:49] [INFO] [DEBUG] Starting load of ExtensionManager at 1564337569401
[19-07-28 21:12:49] [INFO] [DEBUG] ExtensionManager has been loaded. (took 1ms)
[19-07-28 21:13:49] [INFO] No updates were available. You are on the latest version!
[19-07-28 21:42:37] [INFO] [DEBUG] onDisable start -> 1564339357575

[19-07-28 21:42:37] [INFO] [DEBUG] Starting unload of ExtensionManager at 1564339357579
[19-07-28 21:42:37] [INFO] [DEBUG] ExtensionManager has been unloaded. (took 1ms)
[19-07-28 21:42:37] [INFO] [DEBUG] Starting unload of Teleport at 1564339357580
[19-07-28 21:42:37] [INFO] [DEBUG] Teleport has been unloaded. (took 0ms)
[19-07-28 21:42:37] [INFO] [DEBUG] Starting unload of RequestManager at 1564339357580
[19-07-28 21:42:37] [INFO] [DEBUG] RequestManager has been unloaded. (took 0ms)
[19-07-28 21:42:37] [INFO] [DEBUG] Starting unload of QueueSignManager at 1564339357580
[19-07-28 21:42:37] [INFO] [DEBUG] QueueSignManager has been unloaded. (took 0ms)
[19-07-28 21:42:37] [INFO] [DEBUG] Starting unload of QueueManager at 1564339357580
[19-07-28 21:42:37] [INFO] [DEBUG] QueueManager has been unloaded. (took 1ms)
[19-07-28 21:42:37] [INFO] [DEBUG] Starting unload of DuelManager at 1564339357581
[19-07-28 21:42:37] [INFO] [DEBUG] DuelManager has been unloaded. (took 1ms)
[19-07-28 21:42:37] [INFO] [DEBUG] Starting unload of InventoryManager at 1564339357582
[19-07-28 21:42:37] [INFO] [DEBUG] InventoryManager has been unloaded. (took 0ms)
[19-07-28 21:42:37] [INFO] [DEBUG] Starting unload of BettingManager at 1564339357583
[19-07-28 21:42:37] [INFO] [DEBUG] BettingManager has been unloaded. (took 0ms)
[19-07-28 21:42:37] [INFO] [DEBUG] Starting unload of SpectateManager at 1564339357583
[19-07-28 21:42:37] [INFO] [DEBUG] SpectateManager has been unloaded. (took 0ms)
[19-07-28 21:42:37] [INFO] [DEBUG] Starting unload of PlayerInfoManager at 1564339357583
[19-07-28 21:42:37] [INFO] [DEBUG] PlayerInfoManager has been unloaded. (took 0ms)
[19-07-28 21:42:37] [INFO] [DEBUG] Starting unload of SettingsManager at 1564339357583
[19-07-28 21:42:37] [INFO] [DEBUG] SettingsManager has been unloaded. (took 0ms)
[19-07-28 21:42:37] [INFO] [DEBUG] Starting unload of KitManager at 1564339357583
[19-07-28 21:42:37] [INFO] [DEBUG] KitManager has been unloaded. (took 0ms)
[19-07-28 21:42:37] [INFO] [DEBUG] Starting unload of ArenaManager at 1564339357583
[19-07-28 21:42:37] [INFO] [DEBUG] ArenaManager has been unloaded. (took 1ms)
[19-07-28 21:42:37] [INFO] [DEBUG] Starting unload of GuiListener at 1564339357584
[19-07-28 21:42:37] [INFO] [DEBUG] GuiListener has been unloaded. (took 0ms)
[19-07-28 21:42:37] [INFO] [DEBUG] Starting unload of UserManager at 1564339357584
[19-07-28 21:42:37] [INFO] [DEBUG] UserManager has been unloaded. (took 1ms)
[19-07-28 21:42:37] [INFO] [DEBUG] Starting unload of Lang at 1564339357585
[19-07-28 21:42:37] [INFO] [DEBUG] Lang has been unloaded. (took 0ms)
[19-07-28 21:42:37] [INFO] [DEBUG] Starting unload of Config at 1564339357585
[19-07-28 21:42:37] [INFO] [DEBUG] Config has been unloaded. (took 0ms)
[19-07-28 21:42:37] [INFO] [DEBUG] unload done (took 10ms)
[19-07-28 21:42:37] [INFO] [DEBUG] Log#clearSources done (took 0ms)
[19-07-28 21:45:46] [INFO] [DEBUG] onEnable start -> 1564339546779

[19-07-28 21:45:46] [INFO] [DEBUG] Starting load of Config at 1564339546921
[19-07-28 21:45:46] [INFO] [DEBUG] Config has been loaded. (took 29ms)
[19-07-28 21:45:46] [INFO] [DEBUG] Starting load of Lang at 1564339546950
[19-07-28 21:45:46] [INFO] [DEBUG] Lang has been loaded. (took 25ms)
[19-07-28 21:45:46] [INFO] [DEBUG] Starting load of UserManager at 1564339546976
[19-07-28 21:45:46] [INFO] [DEBUG] UserManager has been loaded. (took 1ms)
[19-07-28 21:45:46] [INFO] [DEBUG] Starting load of GuiListener at 1564339546977
[19-07-28 21:45:46] [INFO] [DEBUG] GuiListener has been loaded. (took 0ms)
[19-07-28 21:45:46] [INFO] [DEBUG] Starting load of ArenaManager at 1564339546977
[19-07-28 21:45:47] [INFO] ArenaManager: Loaded 5 arena(s).
[19-07-28 21:45:47] [INFO] [DEBUG] ArenaManager has been loaded. (took 70ms)
[19-07-28 21:45:47] [INFO] [DEBUG] Starting load of KitManager at 1564339547047
[19-07-28 21:45:47] [INFO] KitManager: Loaded 0 kit(s).
[19-07-28 21:45:47] [INFO] [DEBUG] KitManager has been loaded. (took 14ms)
[19-07-28 21:45:47] [INFO] [DEBUG] Starting load of SettingsManager at 1564339547061
[19-07-28 21:45:47] [INFO] [DEBUG] SettingsManager has been loaded. (took 0ms)
[19-07-28 21:45:47] [INFO] [DEBUG] Starting load of PlayerInfoManager at 1564339547061
[19-07-28 21:45:47] [INFO] PlayerInfoManager: Lobby location was not set, using world's spawn location as default. Use the command /duels setlobby in-game to set the lobby location.
[19-07-28 21:45:47] [INFO] [DEBUG] PlayerInfoManager has been loaded. (took 2ms)
[19-07-28 21:45:47] [INFO] [DEBUG] Starting load of SpectateManager at 1564339547063
[19-07-28 21:45:47] [INFO] [DEBUG] SpectateManager has been loaded. (took 0ms)
[19-07-28 21:45:47] [INFO] [DEBUG] Starting load of BettingManager at 1564339547063
[19-07-28 21:45:47] [INFO] [DEBUG] BettingManager has been loaded. (took 0ms)
[19-07-28 21:45:47] [INFO] [DEBUG] Starting load of InventoryManager at 1564339547063
[19-07-28 21:45:47] [INFO] [DEBUG] InventoryManager has been loaded. (took 0ms)
[19-07-28 21:45:47] [INFO] [DEBUG] Starting load of DuelManager at 1564339547064
[19-07-28 21:45:47] [INFO] [DEBUG] DuelManager has been loaded. (took 0ms)
[19-07-28 21:45:47] [INFO] [DEBUG] Starting load of QueueManager at 1564339547064
[19-07-28 21:45:47] [INFO] QueueManager: Loaded 0 queue(s).
[19-07-28 21:45:47] [INFO] [DEBUG] QueueManager has been loaded. (took 3ms)
[19-07-28 21:45:47] [INFO] [DEBUG] Starting load of QueueSignManager at 1564339547068
[19-07-28 21:45:47] [INFO] QueueSignManager: Loaded 0 queue sign(s).
[19-07-28 21:45:47] [INFO] [DEBUG] QueueSignManager has been loaded. (took 2ms)
[19-07-28 21:45:47] [INFO] [DEBUG] Starting load of RequestManager at 1564339547070
[19-07-28 21:45:47] [INFO] [DEBUG] RequestManager has been loaded. (took 0ms)
[19-07-28 21:45:47] [INFO] [DEBUG] Starting load of Teleport at 1564339547070
[19-07-28 21:45:47] [INFO] [DEBUG] Teleport has been loaded. (took 1ms)
[19-07-28 21:45:47] [INFO] [DEBUG] Starting load of ExtensionManager at 1564339547071
[19-07-28 21:45:47] [INFO] [DEBUG] ExtensionManager has been loaded. (took 0ms)
[19-07-28 21:46:36] [INFO] No updates were available. You are on the latest version!
[19-07-28 21:58:58] [INFO] [DEBUG] onDisable start -> 1564340338996

[19-07-28 21:58:58] [INFO] [DEBUG] Starting unload of ExtensionManager at 1564340338998
[19-07-28 21:58:58] [INFO] [DEBUG] ExtensionManager has been unloaded. (took 0ms)
[19-07-28 21:58:58] [INFO] [DEBUG] Starting unload of Teleport at 1564340338999
[19-07-28 21:58:58] [INFO] [DEBUG] Teleport has been unloaded. (took 0ms)
[19-07-28 21:58:58] [INFO] [DEBUG] Starting unload of RequestManager at 1564340338999
[19-07-28 21:58:58] [INFO] [DEBUG] RequestManager has been unloaded. (took 0ms)
[19-07-28 21:58:58] [INFO] [DEBUG] Starting unload of QueueSignManager at 1564340338999
[19-07-28 21:58:58] [INFO] [DEBUG] QueueSignManager has been unloaded. (took 0ms)
[19-07-28 21:58:58] [INFO] [DEBUG] Starting unload of QueueManager at 1564340338999
[19-07-28 21:58:58] [INFO] [DEBUG] QueueManager has been unloaded. (took 0ms)
[19-07-28 21:58:58] [INFO] [DEBUG] Starting unload of DuelManager at 1564340338999
[19-07-28 21:58:59] [INFO] [DEBUG] DuelManager has been unloaded. (took 1ms)
[19-07-28 21:58:59] [INFO] [DEBUG] Starting unload of InventoryManager at 1564340339000
[19-07-28 21:58:59] [INFO] [DEBUG] InventoryManager has been unloaded. (took 1ms)
[19-07-28 21:58:59] [INFO] [DEBUG] Starting unload of BettingManager at 1564340339001
[19-07-28 21:58:59] [INFO] [DEBUG] BettingManager has been unloaded. (took 0ms)
[19-07-28 21:58:59] [INFO] [DEBUG] Starting unload of SpectateManager at 1564340339001
[19-07-28 21:58:59] [INFO] [DEBUG] SpectateManager has been unloaded. (took 0ms)
[19-07-28 21:58:59] [INFO] [DEBUG] Starting unload of PlayerInfoManager at 1564340339001
[19-07-28 21:58:59] [INFO] [DEBUG] PlayerInfoManager has been unloaded. (took 0ms)
[19-07-28 21:58:59] [INFO] [DEBUG] Starting unload of SettingsManager at 1564340339001
[19-07-28 21:58:59] [INFO] [DEBUG] SettingsManager has been unloaded. (took 0ms)
[19-07-28 21:58:59] [INFO] [DEBUG] Starting unload of KitManager at 1564340339001
[19-07-28 21:58:59] [INFO] [DEBUG] KitManager has been unloaded. (took 0ms)
[19-07-28 21:58:59] [INFO] [DEBUG] Starting unload of ArenaManager at 1564340339001
[19-07-28 21:58:59] [INFO] [DEBUG] ArenaManager has been unloaded. (took 1ms)
[19-07-28 21:58:59] [INFO] [DEBUG] Starting unload of GuiListener at 1564340339002
[19-07-28 21:58:59] [INFO] [DEBUG] GuiListener has been unloaded. (took 0ms)
[19-07-28 21:58:59] [INFO] [DEBUG] Starting unload of UserManager at 1564340339002
[19-07-28 21:58:59] [INFO] [DEBUG] UserManager has been unloaded. (took 0ms)
[19-07-28 21:58:59] [INFO] [DEBUG] Starting unload of Lang at 1564340339002
[19-07-28 21:58:59] [INFO] [DEBUG] Lang has been unloaded. (took 0ms)
[19-07-28 21:58:59] [INFO] [DEBUG] Starting unload of Config at 1564340339002
[19-07-28 21:58:59] [INFO] [DEBUG] Config has been unloaded. (took 0ms)
[19-07-28 21:58:59] [INFO] [DEBUG] unload done (took 6ms)
[19-07-28 21:58:59] [INFO] [DEBUG] Log#clearSources done (took 0ms)
[19-07-28 22:02:06] [INFO] [DEBUG] onEnable start -> 1564340526563

[19-07-28 22:02:06] [INFO] [DEBUG] Starting load of Config at 1564340526656
[19-07-28 22:02:06] [INFO] [DEBUG] Config has been loaded. (took 15ms)
[19-07-28 22:02:06] [INFO] [DEBUG] Starting load of Lang at 1564340526671
[19-07-28 22:02:06] [INFO] [DEBUG] Lang has been loaded. (took 17ms)
[19-07-28 22:02:06] [INFO] [DEBUG] Starting load of UserManager at 1564340526688
[19-07-28 22:02:06] [INFO] [DEBUG] UserManager has been loaded. (took 1ms)
[19-07-28 22:02:06] [INFO] [DEBUG] Starting load of GuiListener at 1564340526689
[19-07-28 22:02:06] [INFO] [DEBUG] GuiListener has been loaded. (took 0ms)
[19-07-28 22:02:06] [INFO] [DEBUG] Starting load of ArenaManager at 1564340526689
[19-07-28 22:02:06] [INFO] ArenaManager: Loaded 5 arena(s).
[19-07-28 22:02:06] [INFO] [DEBUG] ArenaManager has been loaded. (took 42ms)
[19-07-28 22:02:06] [INFO] [DEBUG] Starting load of KitManager at 1564340526732
[19-07-28 22:02:06] [INFO] KitManager: Loaded 0 kit(s).
[19-07-28 22:02:06] [INFO] [DEBUG] KitManager has been loaded. (took 24ms)
[19-07-28 22:02:06] [INFO] [DEBUG] Starting load of SettingsManager at 1564340526756
[19-07-28 22:02:06] [INFO] [DEBUG] SettingsManager has been loaded. (took 0ms)
[19-07-28 22:02:06] [INFO] [DEBUG] Starting load of PlayerInfoManager at 1564340526756
[19-07-28 22:02:06] [INFO] PlayerInfoManager: Lobby location was not set, using world's spawn location as default. Use the command /duels setlobby in-game to set the lobby location.
[19-07-28 22:02:06] [INFO] [DEBUG] PlayerInfoManager has been loaded. (took 1ms)
[19-07-28 22:02:06] [INFO] [DEBUG] Starting load of SpectateManager at 1564340526757
[19-07-28 22:02:06] [INFO] [DEBUG] SpectateManager has been loaded. (took 0ms)
[19-07-28 22:02:06] [INFO] [DEBUG] Starting load of BettingManager at 1564340526757
[19-07-28 22:02:06] [INFO] [DEBUG] BettingManager has been loaded. (took 0ms)
[19-07-28 22:02:06] [INFO] [DEBUG] Starting load of InventoryManager at 1564340526757
[19-07-28 22:02:06] [INFO] [DEBUG] InventoryManager has been loaded. (took 1ms)
[19-07-28 22:02:06] [INFO] [DEBUG] Starting load of DuelManager at 1564340526758
[19-07-28 22:02:06] [INFO] [DEBUG] DuelManager has been loaded. (took 0ms)
[19-07-28 22:02:06] [INFO] [DEBUG] Starting load of QueueManager at 1564340526758
[19-07-28 22:02:07] [INFO] QueueManager: Loaded 0 queue(s).
[19-07-28 22:02:07] [INFO] [DEBUG] QueueManager has been loaded. (took 751ms)
[19-07-28 22:02:07] [INFO] [DEBUG] Starting load of QueueSignManager at 1564340527509
[19-07-28 22:02:07] [INFO] QueueSignManager: Loaded 0 queue sign(s).
[19-07-28 22:02:07] [INFO] [DEBUG] QueueSignManager has been loaded. (took 3ms)
[19-07-28 22:02:07] [INFO] [DEBUG] Starting load of RequestManager at 1564340527512
[19-07-28 22:02:07] [INFO] [DEBUG] RequestManager has been loaded. (took 0ms)
[19-07-28 22:02:07] [INFO] [DEBUG] Starting load of Teleport at 1564340527512
[19-07-28 22:02:07] [INFO] [DEBUG] Teleport has been loaded. (took 1ms)
[19-07-28 22:02:07] [INFO] [DEBUG] Starting load of ExtensionManager at 1564340527513
[19-07-28 22:02:07] [INFO] [DEBUG] ExtensionManager has been loaded. (took 0ms)
[19-07-28 22:02:56] [INFO] No updates were available. You are on the latest version!
