[19-07-25 01:30:11] [INFO] [DEBUG] onEnable start -> 1564007411218

[19-07-25 01:30:11] [INFO] [DEBUG] Starting load of Config at 1564007411322
[19-07-25 01:30:11] [INFO] [DEBUG] Config has been loaded. (took 16ms)
[19-07-25 01:30:11] [INFO] [DEBUG] Starting load of Lang at 1564007411338
[19-07-25 01:30:11] [INFO] [DEBUG] Lang has been loaded. (took 13ms)
[19-07-25 01:30:11] [INFO] [DEBUG] Starting load of UserManager at 1564007411351
[19-07-25 01:30:11] [INFO] [DEBUG] UserManager has been loaded. (took 1ms)
[19-07-25 01:30:11] [INFO] [DEBUG] Starting load of GuiListener at 1564007411352
[19-07-25 01:30:11] [INFO] [DEBUG] GuiListener has been loaded. (took 0ms)
[19-07-25 01:30:11] [INFO] [DEBUG] Starting load of ArenaManager at 1564007411352
[19-07-25 01:30:11] [INFO] ArenaManager: Loaded 5 arena(s).
[19-07-25 01:30:11] [INFO] [DEBUG] ArenaManager has been loaded. (took 34ms)
[19-07-25 01:30:11] [INFO] [DEBUG] Starting load of KitManager at 1564007411386
[19-07-25 01:30:11] [INFO] KitManager: Loaded 0 kit(s).
[19-07-25 01:30:11] [INFO] [DEBUG] KitManager has been loaded. (took 12ms)
[19-07-25 01:30:11] [INFO] [DEBUG] Starting load of SettingsManager at 1564007411398
[19-07-25 01:30:11] [INFO] [DEBUG] SettingsManager has been loaded. (took 0ms)
[19-07-25 01:30:11] [INFO] [DEBUG] Starting load of PlayerInfoManager at 1564007411398
[19-07-25 01:30:11] [INFO] PlayerInfoManager: Lobby location was not set, using world's spawn location as default. Use the command /duels setlobby in-game to set the lobby location.
[19-07-25 01:30:11] [INFO] [DEBUG] PlayerInfoManager has been loaded. (took 1ms)
[19-07-25 01:30:11] [INFO] [DEBUG] Starting load of SpectateManager at 1564007411399
[19-07-25 01:30:11] [INFO] [DEBUG] SpectateManager has been loaded. (took 0ms)
[19-07-25 01:30:11] [INFO] [DEBUG] Starting load of BettingManager at 1564007411399
[19-07-25 01:30:11] [INFO] [DEBUG] BettingManager has been loaded. (took 0ms)
[19-07-25 01:30:11] [INFO] [DEBUG] Starting load of InventoryManager at 1564007411399
[19-07-25 01:30:11] [INFO] [DEBUG] InventoryManager has been loaded. (took 1ms)
[19-07-25 01:30:11] [INFO] [DEBUG] Starting load of DuelManager at 1564007411400
[19-07-25 01:30:11] [INFO] [DEBUG] DuelManager has been loaded. (took 0ms)
[19-07-25 01:30:11] [INFO] [DEBUG] Starting load of QueueManager at 1564007411400
[19-07-25 01:30:11] [INFO] QueueManager: Loaded 0 queue(s).
[19-07-25 01:30:11] [INFO] [DEBUG] QueueManager has been loaded. (took 3ms)
[19-07-25 01:30:11] [INFO] [DEBUG] Starting load of QueueSignManager at 1564007411403
[19-07-25 01:30:11] [INFO] QueueSignManager: Loaded 0 queue sign(s).
[19-07-25 01:30:11] [INFO] [DEBUG] QueueSignManager has been loaded. (took 3ms)
[19-07-25 01:30:11] [INFO] [DEBUG] Starting load of RequestManager at 1564007411406
[19-07-25 01:30:11] [INFO] [DEBUG] RequestManager has been loaded. (took 0ms)
[19-07-25 01:30:11] [INFO] [DEBUG] Starting load of Teleport at 1564007411406
[19-07-25 01:30:11] [INFO] [DEBUG] Teleport has been loaded. (took 1ms)
[19-07-25 01:30:11] [INFO] [DEBUG] Starting load of ExtensionManager at 1564007411407
[19-07-25 01:30:11] [INFO] [DEBUG] ExtensionManager has been loaded. (took 0ms)
[19-07-25 01:30:33] [INFO] No updates were available. You are on the latest version!
[19-07-25 02:54:27] [INFO] [DEBUG] onDisable start -> 1564012467536

[19-07-25 02:54:27] [INFO] [DEBUG] Starting unload of ExtensionManager at 1564012467538
[19-07-25 02:54:27] [INFO] [DEBUG] ExtensionManager has been unloaded. (took 1ms)
[19-07-25 02:54:27] [INFO] [DEBUG] Starting unload of Teleport at 1564012467539
[19-07-25 02:54:27] [INFO] [DEBUG] Teleport has been unloaded. (took 0ms)
[19-07-25 02:54:27] [INFO] [DEBUG] Starting unload of RequestManager at 1564012467539
[19-07-25 02:54:27] [INFO] [DEBUG] RequestManager has been unloaded. (took 0ms)
[19-07-25 02:54:27] [INFO] [DEBUG] Starting unload of QueueSignManager at 1564012467539
[19-07-25 02:54:27] [INFO] [DEBUG] QueueSignManager has been unloaded. (took 0ms)
[19-07-25 02:54:27] [INFO] [DEBUG] Starting unload of QueueManager at 1564012467539
[19-07-25 02:54:27] [INFO] [DEBUG] QueueManager has been unloaded. (took 0ms)
[19-07-25 02:54:27] [INFO] [DEBUG] Starting unload of DuelManager at 1564012467539
[19-07-25 02:54:27] [INFO] [DEBUG] DuelManager has been unloaded. (took 1ms)
[19-07-25 02:54:27] [INFO] [DEBUG] Starting unload of InventoryManager at 1564012467541
[19-07-25 02:54:27] [INFO] [DEBUG] InventoryManager has been unloaded. (took 0ms)
[19-07-25 02:54:27] [INFO] [DEBUG] Starting unload of BettingManager at 1564012467541
[19-07-25 02:54:27] [INFO] [DEBUG] BettingManager has been unloaded. (took 0ms)
[19-07-25 02:54:27] [INFO] [DEBUG] Starting unload of SpectateManager at 1564012467541
[19-07-25 02:54:27] [INFO] [DEBUG] SpectateManager has been unloaded. (took 0ms)
[19-07-25 02:54:27] [INFO] [DEBUG] Starting unload of PlayerInfoManager at 1564012467541
[19-07-25 02:54:27] [INFO] [DEBUG] PlayerInfoManager has been unloaded. (took 0ms)
[19-07-25 02:54:27] [INFO] [DEBUG] Starting unload of SettingsManager at 1564012467541
[19-07-25 02:54:27] [INFO] [DEBUG] SettingsManager has been unloaded. (took 0ms)
[19-07-25 02:54:27] [INFO] [DEBUG] Starting unload of KitManager at 1564012467541
[19-07-25 02:54:27] [INFO] [DEBUG] KitManager has been unloaded. (took 0ms)
[19-07-25 02:54:27] [INFO] [DEBUG] Starting unload of ArenaManager at 1564012467541
[19-07-25 02:54:27] [INFO] [DEBUG] ArenaManager has been unloaded. (took 1ms)
[19-07-25 02:54:27] [INFO] [DEBUG] Starting unload of GuiListener at 1564012467542
[19-07-25 02:54:27] [INFO] [DEBUG] GuiListener has been unloaded. (took 0ms)
[19-07-25 02:54:27] [INFO] [DEBUG] Starting unload of UserManager at 1564012467542
[19-07-25 02:54:27] [INFO] [DEBUG] UserManager has been unloaded. (took 0ms)
[19-07-25 02:54:27] [INFO] [DEBUG] Starting unload of Lang at 1564012467543
[19-07-25 02:54:27] [INFO] [DEBUG] Lang has been unloaded. (took 0ms)
[19-07-25 02:54:27] [INFO] [DEBUG] Starting unload of Config at 1564012467543
[19-07-25 02:54:27] [INFO] [DEBUG] Config has been unloaded. (took 0ms)
[19-07-25 02:54:27] [INFO] [DEBUG] unload done (took 7ms)
[19-07-25 02:54:27] [INFO] [DEBUG] Log#clearSources done (took 0ms)
[19-07-25 02:56:16] [INFO] [DEBUG] onEnable start -> 1564012576892

[19-07-25 02:56:17] [INFO] [DEBUG] Starting load of Config at 1564012577733
[19-07-25 02:56:17] [INFO] [DEBUG] Config has been loaded. (took 11ms)
[19-07-25 02:56:17] [INFO] [DEBUG] Starting load of Lang at 1564012577744
[19-07-25 02:56:17] [INFO] [DEBUG] Lang has been loaded. (took 12ms)
[19-07-25 02:56:17] [INFO] [DEBUG] Starting load of UserManager at 1564012577756
[19-07-25 02:56:17] [INFO] [DEBUG] UserManager has been loaded. (took 1ms)
[19-07-25 02:56:17] [INFO] [DEBUG] Starting load of GuiListener at 1564012577757
[19-07-25 02:56:17] [INFO] [DEBUG] GuiListener has been loaded. (took 0ms)
[19-07-25 02:56:17] [INFO] [DEBUG] Starting load of ArenaManager at 1564012577757
[19-07-25 02:56:17] [INFO] ArenaManager: Loaded 5 arena(s).
[19-07-25 02:56:17] [INFO] [DEBUG] ArenaManager has been loaded. (took 40ms)
[19-07-25 02:56:17] [INFO] [DEBUG] Starting load of KitManager at 1564012577798
[19-07-25 02:56:17] [INFO] KitManager: Loaded 0 kit(s).
[19-07-25 02:56:17] [INFO] [DEBUG] KitManager has been loaded. (took 9ms)
[19-07-25 02:56:17] [INFO] [DEBUG] Starting load of SettingsManager at 1564012577807
[19-07-25 02:56:17] [INFO] [DEBUG] SettingsManager has been loaded. (took 0ms)
[19-07-25 02:56:17] [INFO] [DEBUG] Starting load of PlayerInfoManager at 1564012577807
[19-07-25 02:56:17] [INFO] PlayerInfoManager: Lobby location was not set, using world's spawn location as default. Use the command /duels setlobby in-game to set the lobby location.
[19-07-25 02:56:17] [INFO] [DEBUG] PlayerInfoManager has been loaded. (took 1ms)
[19-07-25 02:56:17] [INFO] [DEBUG] Starting load of SpectateManager at 1564012577808
[19-07-25 02:56:17] [INFO] [DEBUG] SpectateManager has been loaded. (took 0ms)
[19-07-25 02:56:17] [INFO] [DEBUG] Starting load of BettingManager at 1564012577808
[19-07-25 02:56:17] [INFO] [DEBUG] BettingManager has been loaded. (took 0ms)
[19-07-25 02:56:17] [INFO] [DEBUG] Starting load of InventoryManager at 1564012577808
[19-07-25 02:56:17] [INFO] [DEBUG] InventoryManager has been loaded. (took 1ms)
[19-07-25 02:56:17] [INFO] [DEBUG] Starting load of DuelManager at 1564012577809
[19-07-25 02:56:17] [INFO] [DEBUG] DuelManager has been loaded. (took 0ms)
[19-07-25 02:56:17] [INFO] [DEBUG] Starting load of QueueManager at 1564012577809
[19-07-25 02:56:17] [INFO] QueueManager: Loaded 0 queue(s).
[19-07-25 02:56:17] [INFO] [DEBUG] QueueManager has been loaded. (took 3ms)
[19-07-25 02:56:17] [INFO] [DEBUG] Starting load of QueueSignManager at 1564012577812
[19-07-25 02:56:17] [INFO] QueueSignManager: Loaded 0 queue sign(s).
[19-07-25 02:56:17] [INFO] [DEBUG] QueueSignManager has been loaded. (took 3ms)
[19-07-25 02:56:17] [INFO] [DEBUG] Starting load of RequestManager at 1564012577815
[19-07-25 02:56:17] [INFO] [DEBUG] RequestManager has been loaded. (took 1ms)
[19-07-25 02:56:17] [INFO] [DEBUG] Starting load of Teleport at 1564012577816
[19-07-25 02:56:17] [INFO] [DEBUG] Teleport has been loaded. (took 0ms)
[19-07-25 02:56:17] [INFO] [DEBUG] Starting load of ExtensionManager at 1564012577816
[19-07-25 02:56:17] [INFO] [DEBUG] ExtensionManager has been loaded. (took 1ms)
[19-07-25 02:56:52] [INFO] No updates were available. You are on the latest version!
[19-07-25 22:46:00] [INFO] [DEBUG] onDisable start -> 1564083960567

[19-07-25 22:46:00] [INFO] [DEBUG] Starting unload of ExtensionManager at 1564083960574
[19-07-25 22:46:00] [INFO] [DEBUG] ExtensionManager has been unloaded. (took 1ms)
[19-07-25 22:46:00] [INFO] [DEBUG] Starting unload of Teleport at 1564083960575
[19-07-25 22:46:00] [INFO] [DEBUG] Teleport has been unloaded. (took 0ms)
[19-07-25 22:46:00] [INFO] [DEBUG] Starting unload of RequestManager at 1564083960575
[19-07-25 22:46:00] [INFO] [DEBUG] RequestManager has been unloaded. (took 0ms)
[19-07-25 22:46:00] [INFO] [DEBUG] Starting unload of QueueSignManager at 1564083960575
[19-07-25 22:46:00] [INFO] [DEBUG] QueueSignManager has been unloaded. (took 0ms)
[19-07-25 22:46:00] [INFO] [DEBUG] Starting unload of QueueManager at 1564083960575
[19-07-25 22:46:00] [INFO] [DEBUG] QueueManager has been unloaded. (took 0ms)
[19-07-25 22:46:00] [INFO] [DEBUG] Starting unload of DuelManager at 1564083960575
[19-07-25 22:46:00] [INFO] [DEBUG] DuelManager has been unloaded. (took 1ms)
[19-07-25 22:46:00] [INFO] [DEBUG] Starting unload of InventoryManager at 1564083960576
[19-07-25 22:46:00] [INFO] [DEBUG] InventoryManager has been unloaded. (took 1ms)
[19-07-25 22:46:00] [INFO] [DEBUG] Starting unload of BettingManager at 1564083960577
[19-07-25 22:46:00] [INFO] [DEBUG] BettingManager has been unloaded. (took 0ms)
[19-07-25 22:46:00] [INFO] [DEBUG] Starting unload of SpectateManager at 1564083960577
[19-07-25 22:46:00] [INFO] [DEBUG] SpectateManager has been unloaded. (took 0ms)
[19-07-25 22:46:00] [INFO] [DEBUG] Starting unload of PlayerInfoManager at 1564083960577
[19-07-25 22:46:00] [INFO] [DEBUG] PlayerInfoManager has been unloaded. (took 0ms)
[19-07-25 22:46:00] [INFO] [DEBUG] Starting unload of SettingsManager at 1564083960577
[19-07-25 22:46:00] [INFO] [DEBUG] SettingsManager has been unloaded. (took 0ms)
[19-07-25 22:46:00] [INFO] [DEBUG] Starting unload of KitManager at 1564083960577
[19-07-25 22:46:00] [INFO] [DEBUG] KitManager has been unloaded. (took 0ms)
[19-07-25 22:46:00] [INFO] [DEBUG] Starting unload of ArenaManager at 1564083960577
[19-07-25 22:46:00] [INFO] [DEBUG] ArenaManager has been unloaded. (took 1ms)
[19-07-25 22:46:00] [INFO] [DEBUG] Starting unload of GuiListener at 1564083960578
[19-07-25 22:46:00] [INFO] [DEBUG] GuiListener has been unloaded. (took 0ms)
[19-07-25 22:46:00] [INFO] [DEBUG] Starting unload of UserManager at 1564083960578
[19-07-25 22:46:00] [INFO] [DEBUG] UserManager has been unloaded. (took 0ms)
[19-07-25 22:46:00] [INFO] [DEBUG] Starting unload of Lang at 1564083960578
[19-07-25 22:46:00] [INFO] [DEBUG] Lang has been unloaded. (took 0ms)
[19-07-25 22:46:00] [INFO] [DEBUG] Starting unload of Config at 1564083960578
[19-07-25 22:46:00] [INFO] [DEBUG] Config has been unloaded. (took 0ms)
[19-07-25 22:46:00] [INFO] [DEBUG] unload done (took 11ms)
[19-07-25 22:46:00] [INFO] [DEBUG] Log#clearSources done (took 0ms)
[19-07-25 22:48:53] [INFO] [DEBUG] onEnable start -> 1564084133299

[19-07-25 22:48:53] [INFO] [DEBUG] Starting load of Config at 1564084133378
[19-07-25 22:48:53] [INFO] [DEBUG] Config has been loaded. (took 12ms)
[19-07-25 22:48:53] [INFO] [DEBUG] Starting load of Lang at 1564084133390
[19-07-25 22:48:53] [INFO] [DEBUG] Lang has been loaded. (took 62ms)
[19-07-25 22:48:53] [INFO] [DEBUG] Starting load of UserManager at 1564084133452
[19-07-25 22:48:53] [INFO] [DEBUG] UserManager has been loaded. (took 2ms)
[19-07-25 22:48:53] [INFO] [DEBUG] Starting load of GuiListener at 1564084133454
[19-07-25 22:48:53] [INFO] [DEBUG] GuiListener has been loaded. (took 0ms)
[19-07-25 22:48:53] [INFO] [DEBUG] Starting load of ArenaManager at 1564084133454
[19-07-25 22:48:54] [INFO] ArenaManager: Loaded 5 arena(s).
[19-07-25 22:48:54] [INFO] [DEBUG] ArenaManager has been loaded. (took 720ms)
[19-07-25 22:48:54] [INFO] [DEBUG] Starting load of KitManager at 1564084134174
[19-07-25 22:48:54] [INFO] KitManager: Loaded 0 kit(s).
[19-07-25 22:48:54] [INFO] [DEBUG] KitManager has been loaded. (took 12ms)
[19-07-25 22:48:54] [INFO] [DEBUG] Starting load of SettingsManager at 1564084134186
[19-07-25 22:48:54] [INFO] [DEBUG] SettingsManager has been loaded. (took 0ms)
[19-07-25 22:48:54] [INFO] [DEBUG] Starting load of PlayerInfoManager at 1564084134186
[19-07-25 22:48:54] [INFO] PlayerInfoManager: Lobby location was not set, using world's spawn location as default. Use the command /duels setlobby in-game to set the lobby location.
[19-07-25 22:48:54] [INFO] [DEBUG] PlayerInfoManager has been loaded. (took 0ms)
[19-07-25 22:48:54] [INFO] [DEBUG] Starting load of SpectateManager at 1564084134186
[19-07-25 22:48:54] [INFO] [DEBUG] SpectateManager has been loaded. (took 1ms)
[19-07-25 22:48:54] [INFO] [DEBUG] Starting load of BettingManager at 1564084134187
[19-07-25 22:48:54] [INFO] [DEBUG] BettingManager has been loaded. (took 0ms)
[19-07-25 22:48:54] [INFO] [DEBUG] Starting load of InventoryManager at 1564084134187
[19-07-25 22:48:54] [INFO] [DEBUG] InventoryManager has been loaded. (took 0ms)
[19-07-25 22:48:54] [INFO] [DEBUG] Starting load of DuelManager at 1564084134187
[19-07-25 22:48:54] [INFO] [DEBUG] DuelManager has been loaded. (took 0ms)
[19-07-25 22:48:54] [INFO] [DEBUG] Starting load of QueueManager at 1564084134187
[19-07-25 22:48:54] [INFO] QueueManager: Loaded 0 queue(s).
[19-07-25 22:48:54] [INFO] [DEBUG] QueueManager has been loaded. (took 4ms)
[19-07-25 22:48:54] [INFO] [DEBUG] Starting load of QueueSignManager at 1564084134191
[19-07-25 22:48:54] [INFO] QueueSignManager: Loaded 0 queue sign(s).
[19-07-25 22:48:54] [INFO] [DEBUG] QueueSignManager has been loaded. (took 5ms)
[19-07-25 22:48:54] [INFO] [DEBUG] Starting load of RequestManager at 1564084134196
[19-07-25 22:48:54] [INFO] [DEBUG] RequestManager has been loaded. (took 0ms)
[19-07-25 22:48:54] [INFO] [DEBUG] Starting load of Teleport at 1564084134196
[19-07-25 22:48:54] [INFO] [DEBUG] Teleport has been loaded. (took 0ms)
[19-07-25 22:48:54] [INFO] [DEBUG] Starting load of ExtensionManager at 1564084134196
[19-07-25 22:48:54] [INFO] [DEBUG] ExtensionManager has been loaded. (took 1ms)
[19-07-25 22:49:14] [INFO] No updates were available. You are on the latest version!
[19-07-26 21:09:57] [INFO] [DEBUG] onDisable start -> 1564164597551

[19-07-26 21:09:57] [INFO] [DEBUG] Starting unload of ExtensionManager at 1564164597555
[19-07-26 21:09:57] [INFO] [DEBUG] ExtensionManager has been unloaded. (took 1ms)
[19-07-26 21:09:57] [INFO] [DEBUG] Starting unload of Teleport at 1564164597556
[19-07-26 21:09:57] [INFO] [DEBUG] Teleport has been unloaded. (took 0ms)
[19-07-26 21:09:57] [INFO] [DEBUG] Starting unload of RequestManager at 1564164597556
[19-07-26 21:09:57] [INFO] [DEBUG] RequestManager has been unloaded. (took 0ms)
[19-07-26 21:09:57] [INFO] [DEBUG] Starting unload of QueueSignManager at 1564164597556
[19-07-26 21:09:57] [INFO] [DEBUG] QueueSignManager has been unloaded. (took 0ms)
[19-07-26 21:09:57] [INFO] [DEBUG] Starting unload of QueueManager at 1564164597556
[19-07-26 21:09:57] [INFO] [DEBUG] QueueManager has been unloaded. (took 0ms)
[19-07-26 21:09:57] [INFO] [DEBUG] Starting unload of DuelManager at 1564164597556
[19-07-26 21:09:57] [INFO] [DEBUG] DuelManager has been unloaded. (took 1ms)
[19-07-26 21:09:57] [INFO] [DEBUG] Starting unload of InventoryManager at 1564164597557
[19-07-26 21:09:57] [INFO] [DEBUG] InventoryManager has been unloaded. (took 0ms)
[19-07-26 21:09:57] [INFO] [DEBUG] Starting unload of BettingManager at 1564164597557
[19-07-26 21:09:57] [INFO] [DEBUG] BettingManager has been unloaded. (took 1ms)
[19-07-26 21:09:57] [INFO] [DEBUG] Starting unload of SpectateManager at 1564164597558
[19-07-26 21:09:57] [INFO] [DEBUG] SpectateManager has been unloaded. (took 0ms)
[19-07-26 21:09:57] [INFO] [DEBUG] Starting unload of PlayerInfoManager at 1564164597558
[19-07-26 21:09:57] [INFO] [DEBUG] PlayerInfoManager has been unloaded. (took 0ms)
[19-07-26 21:09:57] [INFO] [DEBUG] Starting unload of SettingsManager at 1564164597558
[19-07-26 21:09:57] [INFO] [DEBUG] SettingsManager has been unloaded. (took 0ms)
[19-07-26 21:09:57] [INFO] [DEBUG] Starting unload of KitManager at 1564164597558
[19-07-26 21:09:57] [INFO] [DEBUG] KitManager has been unloaded. (took 0ms)
[19-07-26 21:09:57] [INFO] [DEBUG] Starting unload of ArenaManager at 1564164597558
[19-07-26 21:09:57] [INFO] [DEBUG] ArenaManager has been unloaded. (took 0ms)
[19-07-26 21:09:57] [INFO] [DEBUG] Starting unload of GuiListener at 1564164597558
[19-07-26 21:09:57] [INFO] [DEBUG] GuiListener has been unloaded. (took 0ms)
[19-07-26 21:09:57] [INFO] [DEBUG] Starting unload of UserManager at 1564164597558
[19-07-26 21:09:57] [INFO] [DEBUG] UserManager has been unloaded. (took 0ms)
[19-07-26 21:09:57] [INFO] [DEBUG] Starting unload of Lang at 1564164597558
[19-07-26 21:09:57] [INFO] [DEBUG] Lang has been unloaded. (took 0ms)
[19-07-26 21:09:57] [INFO] [DEBUG] Starting unload of Config at 1564164597558
[19-07-26 21:09:57] [INFO] [DEBUG] Config has been unloaded. (took 0ms)
[19-07-26 21:09:57] [INFO] [DEBUG] unload done (took 7ms)
[19-07-26 21:09:57] [INFO] [DEBUG] Log#clearSources done (took 0ms)
