[00:33:00.939] AACAdditionPro disabled.
[00:33:00.939]  
[00:35:00.012] Enabling plugin...
[00:35:00.081] InventoryHeuristics: Loaded pattern HC00000001.
[00:35:00.101] LogBot was chosen not to be enabled.
[00:35:00.102] ClientControl.BetterSprinting was chosen not to be enabled.
[00:35:00.102] ClientControl.DamageIndicator was chosen not to be enabled.
[00:35:00.102] ClientControl.5zig was chosen not to be enabled.
[00:35:00.102] ClientControl.Forge was chosen not to be enabled.
[00:35:00.102] ClientControl.LabyMod was chosen not to be enabled.
[00:35:00.102] ClientControl.LiteLoader was chosen not to be enabled.
[00:35:00.102] ClientControl.OldLabyMod was chosen not to be enabled.
[00:35:00.103] ClientControl.BetterSprinting was chosen not to be enabled.
[00:35:00.103] ClientControl.Schematica was chosen not to be enabled.
[00:35:00.103] ClientControl.Vape was chosen not to be enabled.
[00:35:00.103] ClientControl.VersionControl was chosen not to be enabled.
[00:35:00.103] ClientControl.WorldDownloader was chosen not to be enabled.
[00:35:00.106] AutoFish has been enabled.
[00:35:00.107] AutoPotion has been enabled.
[00:35:00.114] Esp has been enabled.
[00:35:00.115] Fastswitch has been enabled.
[00:35:00.115] ImpossibleChat was chosen not to be enabled.
[00:35:00.117] Inventory has been enabled.
[00:35:00.117] InventoryHeuristics was chosen not to be enabled.
[00:35:00.118] KillauraEntity was chosen not to be enabled.
[00:35:00.118] PacketAnalysis has been enabled.
[00:35:00.118] Pingspoof was chosen not to be enabled.
[00:35:00.119] Scaffold has been enabled.
[00:35:00.120] Skinblinker has been enabled.
[00:35:00.120] Teaming was chosen not to be enabled.
[00:35:00.120] Tower has been enabled.
[00:37:37.164] Enabling plugin...
[00:37:37.218] InventoryHeuristics: Loaded pattern HC00000001.
[00:37:37.235] LogBot was chosen not to be enabled.
[00:37:37.235] ClientControl.BetterSprinting was chosen not to be enabled.
[00:37:37.235] ClientControl.DamageIndicator was chosen not to be enabled.
[00:37:37.236] ClientControl.5zig was chosen not to be enabled.
[00:37:37.236] ClientControl.Forge was chosen not to be enabled.
[00:37:37.236] ClientControl.LabyMod was chosen not to be enabled.
[00:37:37.236] ClientControl.LiteLoader was chosen not to be enabled.
[00:37:37.236] ClientControl.OldLabyMod was chosen not to be enabled.
[00:37:37.236] ClientControl.BetterSprinting was chosen not to be enabled.
[00:37:37.236] ClientControl.Schematica was chosen not to be enabled.
[00:37:37.237] ClientControl.Vape was chosen not to be enabled.
[00:37:37.237] ClientControl.VersionControl was chosen not to be enabled.
[00:37:37.237] ClientControl.WorldDownloader was chosen not to be enabled.
[00:37:37.239] AutoFish has been enabled.
[00:37:37.248] AutoPotion has been enabled.
[00:37:37.256] Esp has been enabled.
[00:37:37.257] Fastswitch has been enabled.
[00:37:37.257] ImpossibleChat was chosen not to be enabled.
[00:37:37.259] Inventory has been enabled.
[00:37:37.260] InventoryHeuristics was chosen not to be enabled.
[00:37:37.260] KillauraEntity was chosen not to be enabled.
[00:37:37.260] PacketAnalysis has been enabled.
[00:37:37.261] Pingspoof was chosen not to be enabled.
[00:37:37.262] Scaffold has been enabled.
[00:37:37.502] Skinblinker has been enabled.
[00:37:37.502] Teaming was chosen not to be enabled.
[00:37:37.503] Tower has been enabled.
