[17:32:54.203] Enabling plugin...
[17:32:54.814] InventoryHeuristics: Loaded pattern HC00000001.
[17:32:54.839] LogBot was chosen not to be enabled.
[17:32:54.839] ClientControl.BetterSprinting was chosen not to be enabled.
[17:32:54.840] ClientControl.DamageIndicator was chosen not to be enabled.
[17:32:54.840] ClientControl.5zig was chosen not to be enabled.
[17:32:54.840] ClientControl.Forge was chosen not to be enabled.
[17:32:54.840] ClientControl.LabyMod was chosen not to be enabled.
[17:32:54.841] ClientControl.LiteLoader was chosen not to be enabled.
[17:32:54.841] ClientControl.OldLabyMod was chosen not to be enabled.
[17:32:54.841] ClientControl.BetterSprinting was chosen not to be enabled.
[17:32:54.841] ClientControl.Schematica was chosen not to be enabled.
[17:32:54.842] ClientControl.Vape was chosen not to be enabled.
[17:32:54.842] ClientControl.VersionControl was chosen not to be enabled.
[17:32:54.842] ClientControl.WorldDownloader was chosen not to be enabled.
[17:32:54.846] AutoFish has been enabled.
[17:32:54.847] AutoPotion has been enabled.
[17:32:54.857] Esp has been enabled.
[17:32:54.857] Fastswitch has been enabled.
[17:32:54.858] ImpossibleChat was chosen not to be enabled.
[17:32:54.860] Inventory has been enabled.
[17:32:54.860] InventoryHeuristics was chosen not to be enabled.
[17:32:54.861] KillauraEntity was chosen not to be enabled.
[17:32:54.861] PacketAnalysis has been enabled.
[17:32:54.862] Pingspoof was chosen not to be enabled.
[17:32:54.863] Scaffold has been enabled.
[17:32:54.863] Skinblinker has been enabled.
[17:32:54.864] Teaming was chosen not to be enabled.
[17:32:54.864] Tower has been enabled.
[19:49:16.744] AACAdditionPro disabled.
[19:49:16.744]  
[19:51:34.510] Enabling plugin...
[19:51:34.585] InventoryHeuristics: Loaded pattern HC00000001.
[19:51:35.359] LogBot was chosen not to be enabled.
[19:51:35.360] ClientControl.BetterSprinting was chosen not to be enabled.
[19:51:35.360] ClientControl.DamageIndicator was chosen not to be enabled.
[19:51:35.360] ClientControl.5zig was chosen not to be enabled.
[19:51:35.360] ClientControl.Forge was chosen not to be enabled.
[19:51:35.360] ClientControl.LabyMod was chosen not to be enabled.
[19:51:35.361] ClientControl.LiteLoader was chosen not to be enabled.
[19:51:35.361] ClientControl.OldLabyMod was chosen not to be enabled.
[19:51:35.361] ClientControl.BetterSprinting was chosen not to be enabled.
[19:51:35.361] ClientControl.Schematica was chosen not to be enabled.
[19:51:35.361] ClientControl.Vape was chosen not to be enabled.
[19:51:35.362] ClientControl.VersionControl was chosen not to be enabled.
[19:51:35.362] ClientControl.WorldDownloader was chosen not to be enabled.
[19:51:35.365] AutoFish has been enabled.
[19:51:35.367] AutoPotion has been enabled.
[19:51:35.380] Esp has been enabled.
[19:51:35.381] Fastswitch has been enabled.
[19:51:35.381] ImpossibleChat was chosen not to be enabled.
[19:51:35.384] Inventory has been enabled.
[19:51:35.385] InventoryHeuristics was chosen not to be enabled.
[19:51:35.385] KillauraEntity was chosen not to be enabled.
[19:51:35.386] PacketAnalysis has been enabled.
[19:51:35.386] Pingspoof was chosen not to be enabled.
[19:51:35.388] Scaffold has been enabled.
[19:51:35.388] Skinblinker has been enabled.
[19:51:35.389] Teaming was chosen not to be enabled.
[19:51:35.389] Tower has been enabled.
[21:35:10.435] Enabling plugin...
[21:35:10.495] InventoryHeuristics: Loaded pattern HC00000001.
[21:35:10.512] LogBot was chosen not to be enabled.
[21:35:10.513] ClientControl.BetterSprinting was chosen not to be enabled.
[21:35:10.513] ClientControl.DamageIndicator was chosen not to be enabled.
[21:35:10.513] ClientControl.5zig was chosen not to be enabled.
[21:35:10.513] ClientControl.Forge was chosen not to be enabled.
[21:35:10.513] ClientControl.LabyMod was chosen not to be enabled.
[21:35:10.514] ClientControl.LiteLoader was chosen not to be enabled.
[21:35:10.514] ClientControl.OldLabyMod was chosen not to be enabled.
[21:35:10.514] ClientControl.BetterSprinting was chosen not to be enabled.
[21:35:10.514] ClientControl.Schematica was chosen not to be enabled.
[21:35:10.514] ClientControl.Vape was chosen not to be enabled.
[21:35:10.514] ClientControl.VersionControl was chosen not to be enabled.
[21:35:10.515] ClientControl.WorldDownloader was chosen not to be enabled.
[21:35:10.517] AutoFish has been enabled.
[21:35:10.518] AutoPotion has been enabled.
[21:35:10.527] Esp has been enabled.
[21:35:10.528] Fastswitch has been enabled.
[21:35:10.528] ImpossibleChat was chosen not to be enabled.
[21:35:10.531] Inventory has been enabled.
[21:35:10.531] InventoryHeuristics was chosen not to be enabled.
[21:35:10.531] KillauraEntity was chosen not to be enabled.
[21:35:10.532] PacketAnalysis has been enabled.
[21:35:10.532] Pingspoof was chosen not to be enabled.
[21:35:10.533] Scaffold has been enabled.
[21:35:10.533] Skinblinker has been enabled.
[21:35:10.533] Teaming was chosen not to be enabled.
[21:35:10.534] Tower has been enabled.
