[00:10:59.941] Enabling plugin...
[00:10:59.997] InventoryHeuristics: Loaded pattern HC00000001.
[00:11:00.677] LogBot was chosen not to be enabled.
[00:11:00.677] ClientControl.BetterSprinting was chosen not to be enabled.
[00:11:00.677] ClientControl.DamageIndicator was chosen not to be enabled.
[00:11:00.677] ClientControl.5zig was chosen not to be enabled.
[00:11:00.678] ClientControl.Forge was chosen not to be enabled.
[00:11:00.678] ClientControl.LabyMod was chosen not to be enabled.
[00:11:00.678] ClientControl.LiteLoader was chosen not to be enabled.
[00:11:00.678] ClientControl.OldLabyMod was chosen not to be enabled.
[00:11:00.678] ClientControl.BetterSprinting was chosen not to be enabled.
[00:11:00.679] ClientControl.Schematica was chosen not to be enabled.
[00:11:00.679] ClientControl.Vape was chosen not to be enabled.
[00:11:00.679] ClientControl.VersionControl was chosen not to be enabled.
[00:11:00.679] ClientControl.WorldDownloader was chosen not to be enabled.
[00:11:00.682] AutoFish has been enabled.
[00:11:00.683] AutoPotion has been enabled.
[00:11:00.692] Esp has been enabled.
[00:11:00.693] Fastswitch has been enabled.
[00:11:00.693] ImpossibleChat was chosen not to be enabled.
[00:11:00.695] Inventory has been enabled.
[00:11:00.695] InventoryHeuristics was chosen not to be enabled.
[00:11:00.695] KillauraEntity was chosen not to be enabled.
[00:11:00.696] PacketAnalysis has been enabled.
[00:11:00.696] Pingspoof was chosen not to be enabled.
[00:11:00.698] Scaffold has been enabled.
[00:11:00.698] Skinblinker has been enabled.
[00:11:00.698] Teaming was chosen not to be enabled.
[00:11:00.699] Tower has been enabled.
[21:09:14.599] AACAdditionPro disabled.
[21:09:14.599]  
[21:12:01.970] Enabling plugin...
[21:12:02.056] InventoryHeuristics: Loaded pattern HC00000001.
[21:12:02.083] LogBot was chosen not to be enabled.
[21:12:02.211] ClientControl.BetterSprinting was chosen not to be enabled.
[21:12:02.212] ClientControl.DamageIndicator was chosen not to be enabled.
[21:12:02.212] ClientControl.5zig was chosen not to be enabled.
[21:12:02.212] ClientControl.Forge was chosen not to be enabled.
[21:12:02.212] ClientControl.LabyMod was chosen not to be enabled.
[21:12:02.212] ClientControl.LiteLoader was chosen not to be enabled.
[21:12:02.213] ClientControl.OldLabyMod was chosen not to be enabled.
[21:12:02.213] ClientControl.BetterSprinting was chosen not to be enabled.
[21:12:02.213] ClientControl.Schematica was chosen not to be enabled.
[21:12:02.213] ClientControl.Vape was chosen not to be enabled.
[21:12:02.213] ClientControl.VersionControl was chosen not to be enabled.
[21:12:02.214] ClientControl.WorldDownloader was chosen not to be enabled.
[21:12:02.233] AutoFish has been enabled.
[21:12:02.237] AutoPotion has been enabled.
[21:12:02.276] Esp has been enabled.
[21:12:02.277] Fastswitch has been enabled.
[21:12:02.278] ImpossibleChat was chosen not to be enabled.
[21:12:02.284] Inventory has been enabled.
[21:12:02.287] InventoryHeuristics was chosen not to be enabled.
[21:12:02.288] KillauraEntity was chosen not to be enabled.
[21:12:02.292] PacketAnalysis has been enabled.
[21:12:02.293] Pingspoof was chosen not to be enabled.
[21:12:02.297] Scaffold has been enabled.
[21:12:02.301] Skinblinker has been enabled.
[21:12:02.301] Teaming was chosen not to be enabled.
[21:12:02.302] Tower has been enabled.
[21:45:03.867] Enabling plugin...
[21:45:04.017] InventoryHeuristics: Loaded pattern HC00000001.
[21:45:04.050] LogBot was chosen not to be enabled.
[21:45:04.050] ClientControl.BetterSprinting was chosen not to be enabled.
[21:45:04.051] ClientControl.DamageIndicator was chosen not to be enabled.
[21:45:04.051] ClientControl.5zig was chosen not to be enabled.
[21:45:04.051] ClientControl.Forge was chosen not to be enabled.
[21:45:04.051] ClientControl.LabyMod was chosen not to be enabled.
[21:45:04.052] ClientControl.LiteLoader was chosen not to be enabled.
[21:45:04.052] ClientControl.OldLabyMod was chosen not to be enabled.
[21:45:04.052] ClientControl.BetterSprinting was chosen not to be enabled.
[21:45:04.052] ClientControl.Schematica was chosen not to be enabled.
[21:45:04.052] ClientControl.Vape was chosen not to be enabled.
[21:45:04.053] ClientControl.VersionControl was chosen not to be enabled.
[21:45:04.053] ClientControl.WorldDownloader was chosen not to be enabled.
[21:45:04.057] AutoFish has been enabled.
[21:45:04.058] AutoPotion has been enabled.
[21:45:04.072] Esp has been enabled.
[21:45:04.073] Fastswitch has been enabled.
[21:45:04.073] ImpossibleChat was chosen not to be enabled.
[21:45:04.076] Inventory has been enabled.
[21:45:04.077] InventoryHeuristics was chosen not to be enabled.
[21:45:04.077] KillauraEntity was chosen not to be enabled.
[21:45:04.078] PacketAnalysis has been enabled.
[21:45:04.078] Pingspoof was chosen not to be enabled.
[21:45:04.080] Scaffold has been enabled.
[21:45:04.081] Skinblinker has been enabled.
[21:45:04.081] Teaming was chosen not to be enabled.
[21:45:04.081] Tower has been enabled.
[22:01:20.619] Enabling plugin...
[22:01:20.702] InventoryHeuristics: Loaded pattern HC00000001.
[22:01:20.722] LogBot was chosen not to be enabled.
[22:01:20.722] ClientControl.BetterSprinting was chosen not to be enabled.
[22:01:20.722] ClientControl.DamageIndicator was chosen not to be enabled.
[22:01:20.723] ClientControl.5zig was chosen not to be enabled.
[22:01:20.723] ClientControl.Forge was chosen not to be enabled.
[22:01:20.723] ClientControl.LabyMod was chosen not to be enabled.
[22:01:20.723] ClientControl.LiteLoader was chosen not to be enabled.
[22:01:20.723] ClientControl.OldLabyMod was chosen not to be enabled.
[22:01:20.724] ClientControl.BetterSprinting was chosen not to be enabled.
[22:01:20.724] ClientControl.Schematica was chosen not to be enabled.
[22:01:20.724] ClientControl.Vape was chosen not to be enabled.
[22:01:20.724] ClientControl.VersionControl was chosen not to be enabled.
[22:01:20.724] ClientControl.WorldDownloader was chosen not to be enabled.
[22:01:20.727] AutoFish has been enabled.
[22:01:20.729] AutoPotion has been enabled.
[22:01:20.743] Esp has been enabled.
[22:01:20.744] Fastswitch has been enabled.
[22:01:20.744] ImpossibleChat was chosen not to be enabled.
[22:01:20.747] Inventory has been enabled.
[22:01:20.748] InventoryHeuristics was chosen not to be enabled.
[22:01:20.748] KillauraEntity was chosen not to be enabled.
[22:01:20.749] PacketAnalysis has been enabled.
[22:01:20.750] Pingspoof was chosen not to be enabled.
[22:01:20.752] Scaffold has been enabled.
[22:01:20.753] Skinblinker has been enabled.
[22:01:20.753] Teaming was chosen not to be enabled.
[22:01:20.754] Tower has been enabled.
